Using pre-set license
Built from '2021.3/staging' branch; Version is '2021.3.20f1 (577897200b8b) revision 5732503'; Using compiler version '192829333'; Build Type 'Release'
OS: 'Windows 10  (10.0.19045) 64bit Core' Language: 'it' Physical Memory: 16239 MB
BatchMode: 1, IsHumanControllingUs: 0, StartBugReporterOnCrash: 0, Is64bit: 1, IsPro: 1

COMMAND LINE ARGUMENTS:
C:\Program Files\Unity\Hub\Editor\2021.3.20f1\Editor\Unity.exe
-adb2
-batchMode
-noUpm
-name
AssetImportWorker4
-projectPath
C:/Users/utente/Desktop/stuff/Projects/InstructionalSimulation/UnityLessonSim
-logFile
Logs/AssetImportWorker4.log
-srvPort
53463
Successfully changed project path to: C:/Users/utente/Desktop/stuff/Projects/InstructionalSimulation/UnityLessonSim
C:/Users/utente/Desktop/stuff/Projects/InstructionalSimulation/UnityLessonSim
[UnityMemory] Configuration Parameters - Can be set up in boot.config
    "memorysetup-bucket-allocator-granularity=16"
    "memorysetup-bucket-allocator-bucket-count=8"
    "memorysetup-bucket-allocator-block-size=33554432"
    "memorysetup-bucket-allocator-block-count=8"
    "memorysetup-main-allocator-block-size=16777216"
    "memorysetup-thread-allocator-block-size=16777216"
    "memorysetup-gfx-main-allocator-block-size=16777216"
    "memorysetup-gfx-thread-allocator-block-size=16777216"
    "memorysetup-cache-allocator-block-size=4194304"
    "memorysetup-typetree-allocator-block-size=2097152"
    "memorysetup-profiler-bucket-allocator-granularity=16"
    "memorysetup-profiler-bucket-allocator-bucket-count=8"
    "memorysetup-profiler-bucket-allocator-block-size=33554432"
    "memorysetup-profiler-bucket-allocator-block-count=8"
    "memorysetup-profiler-allocator-block-size=16777216"
    "memorysetup-profiler-editor-allocator-block-size=1048576"
    "memorysetup-temp-allocator-size-main=16777216"
    "memorysetup-job-temp-allocator-block-size=2097152"
    "memorysetup-job-temp-allocator-block-size-background=1048576"
    "memorysetup-job-temp-allocator-reduction-small-platforms=262144"
    "memorysetup-temp-allocator-size-background-worker=32768"
    "memorysetup-temp-allocator-size-job-worker=262144"
    "memorysetup-temp-allocator-size-preload-manager=33554432"
    "memorysetup-temp-allocator-size-nav-mesh-worker=65536"
    "memorysetup-temp-allocator-size-audio-worker=65536"
    "memorysetup-temp-allocator-size-cloud-worker=32768"
    "memorysetup-temp-allocator-size-gi-baking-worker=262144"
    "memorysetup-temp-allocator-size-gfx=262144"
Player connection [17860] Host "[IP] 192.168.1.123 [Port] 0 [Flags] 2 [Guid] 3839480650 [EditorId] 3839480650 [Version] 1048832 [Id] WindowsEditor(7,BaccoPC) [Debug] 1 [PackageName] WindowsEditor [ProjectName] Editor" joined multi-casting on [225.0.0.222:54997]...

Player connection [17860] Host "[IP] 192.168.1.123 [Port] 0 [Flags] 2 [Guid] 3839480650 [EditorId] 3839480650 [Version] 1048832 [Id] WindowsEditor(7,BaccoPC) [Debug] 1 [PackageName] WindowsEditor [ProjectName] Editor" joined alternative multi-casting on [225.0.0.222:34997]...

Refreshing native plugins compatible for Editor in 93.31 ms, found 3 plugins.
Preloading 0 native plugins for Editor in 0.00 ms.
Initialize engine version: 2021.3.20f1 (577897200b8b)
[Subsystems] Discovering subsystems at path C:/Program Files/Unity/Hub/Editor/2021.3.20f1/Editor/Data/Resources/UnitySubsystems
[Subsystems] Discovering subsystems at path C:/Users/utente/Desktop/stuff/Projects/InstructionalSimulation/UnityLessonSim/Assets
GfxDevice: creating device client; threaded=0; jobified=0
Direct3D:
    Version:  Direct3D 11.0 [level 11.1]
    Renderer: NVIDIA GeForce GTX 1660 SUPER (ID=0x21c4)
    Vendor:   NVIDIA
    VRAM:     5981 MB
    Driver:   31.0.15.4665
Initialize mono
Mono path[0] = 'C:/Program Files/Unity/Hub/Editor/2021.3.20f1/Editor/Data/Managed'
Mono path[1] = 'C:/Program Files/Unity/Hub/Editor/2021.3.20f1/Editor/Data/MonoBleedingEdge/lib/mono/unityjit-win32'
Mono config path = 'C:/Program Files/Unity/Hub/Editor/2021.3.20f1/Editor/Data/MonoBleedingEdge/etc'
Using monoOptions --debugger-agent=transport=dt_socket,embedding=1,server=y,suspend=n,address=127.0.0.1:56400
Begin MonoManager ReloadAssembly
Registering precompiled unity dll's ...
Register platform support module: C:/Program Files/Unity/Hub/Editor/2021.3.20f1/Editor/Data/PlaybackEngines/WindowsStandaloneSupport/UnityEditor.WindowsStandalone.Extensions.dll
Registered in 0.005455 seconds.
Native extension for WindowsStandalone target not found
Refreshing native plugins compatible for Editor in 62.29 ms, found 3 plugins.
Preloading 0 native plugins for Editor in 0.00 ms.
Mono: successfully reloaded assembly
- Completed reload, in  0.492 seconds
Domain Reload Profiling:
	ReloadAssembly (493ms)
		BeginReloadAssembly (63ms)
			ExecutionOrderSort (0ms)
			DisableScriptedObjects (0ms)
			BackupInstance (0ms)
			ReleaseScriptingObjects (0ms)
			CreateAndSetChildDomain (1ms)
		EndReloadAssembly (356ms)
			LoadAssemblies (61ms)
			RebuildTransferFunctionScriptingTraits (0ms)
			SetupTypeCache (80ms)
			ReleaseScriptCaches (0ms)
			RebuildScriptCaches (20ms)
			SetupLoadedEditorAssemblies (218ms)
				LogAssemblyErrors (0ms)
				InitializePlatformSupportModulesInManaged (6ms)
				SetLoadedEditorAssemblies (0ms)
				RefreshPlugins (62ms)
				BeforeProcessingInitializeOnLoad (1ms)
				ProcessInitializeOnLoadAttributes (101ms)
				ProcessInitializeOnLoadMethodAttributes (47ms)
				AfterProcessingInitializeOnLoad (0ms)
				EditorAssembliesLoaded (0ms)
			ExecutionOrderSort2 (0ms)
			AwakeInstancesAfterBackupRestoration (0ms)
Platform modules already initialized, skipping
Registering precompiled user dll's ...
Registered in 0.004038 seconds.
Begin MonoManager ReloadAssembly
Symbol file LoadedFromMemory doesn't match image C:\Users\utente\Desktop\stuff\Projects\InstructionalSimulation\UnityLessonSim\Library\PackageCache\com.unity.visualscripting@1.8.0\Editor\VisualScripting.Core\Dependencies\YamlDotNet\Unity.VisualScripting.YamlDotNet.dll
Symbol file LoadedFromMemory doesn't match image C:\Users\utente\Desktop\stuff\Projects\InstructionalSimulation\UnityLessonSim\Library\PackageCache\com.unity.visualscripting@1.8.0\Editor\VisualScripting.Core\Dependencies\DotNetZip\Unity.VisualScripting.IonicZip.dll
Native extension for WindowsStandalone target not found
Refreshing native plugins compatible for Editor in 0.45 ms, found 3 plugins.
Preloading 0 native plugins for Editor in 0.00 ms.
Mono: successfully reloaded assembly
- Completed reload, in  0.879 seconds
Domain Reload Profiling:
	ReloadAssembly (880ms)
		BeginReloadAssembly (87ms)
			ExecutionOrderSort (0ms)
			DisableScriptedObjects (4ms)
			BackupInstance (0ms)
			ReleaseScriptingObjects (0ms)
			CreateAndSetChildDomain (13ms)
		EndReloadAssembly (705ms)
			LoadAssemblies (64ms)
			RebuildTransferFunctionScriptingTraits (0ms)
			SetupTypeCache (178ms)
			ReleaseScriptCaches (0ms)
			RebuildScriptCaches (44ms)
			SetupLoadedEditorAssemblies (397ms)
				LogAssemblyErrors (0ms)
				InitializePlatformSupportModulesInManaged (4ms)
				SetLoadedEditorAssemblies (0ms)
				RefreshPlugins (0ms)
				BeforeProcessingInitializeOnLoad (61ms)
				ProcessInitializeOnLoadAttributes (306ms)
				ProcessInitializeOnLoadMethodAttributes (19ms)
				AfterProcessingInitializeOnLoad (7ms)
				EditorAssembliesLoaded (0ms)
			ExecutionOrderSort2 (0ms)
			AwakeInstancesAfterBackupRestoration (5ms)
Platform modules already initialized, skipping
========================================================================
Worker process is ready to serve import requests
Launched and connected shader compiler UnityShaderCompiler.exe after 0.03 seconds
Refreshing native plugins compatible for Editor in 0.42 ms, found 3 plugins.
Preloading 0 native plugins for Editor in 0.00 ms.
Unloading 3051 Unused Serialized files (Serialized files now loaded: 0)
Unloading 24 unused Assets / (114.7 KB). Loaded Objects now: 3513.
Memory consumption went from 111.0 MB to 110.9 MB.
Total: 2.448600 ms (FindLiveObjects: 0.170500 ms CreateObjectMapping: 0.078200 ms MarkObjects: 2.103900 ms  DeleteObjects: 0.095300 ms)

AssetImportParameters requested are different than current active one (requested -> active):
  custom:video-decoder-ogg-theora: a1e56fd34408186e4bbccfd4996cb3dc -> 
  custom:container-muxer-webm: aa71ff27fc2769a1b78a27578f13a17b -> 
  custom:container-demuxer-webm: 4f35f7cbe854078d1ac9338744f61a02 -> 
  custom:video-encoder-webm-vp8: eb34c28f22e8b96e1ab97ce403110664 -> 
  custom:audio-encoder-webm-vorbis: bf7c407c2cedff20999df2af8eb42d56 -> 
  custom:framework-win-MediaFoundation: 216162199b28c13a410421893ffa2e32 -> 
  custom:container-demuxer-ogg: 62fdf1f143b41e24485cea50d1cbac27 -> 
  custom:video-decoder-webm-vp8: 9c59270c3fd7afecdb556c50c9e8de78 -> 
  custom:audio-decoder-ogg-vorbis: bf7c407c2cedff20999df2af8eb42d56 -> 
========================================================================
Received Import Request.
  Time since last request: 7317.112443 seconds.
  path: Assets/PolygonPrototype/Materials/Misc
  artifactKey: Guid(dd3d61fb7c8e2e94b93f260dbca89d33) Importer(815301076,1909f56bfc062723c751e8b465ee728b)
Start importing Assets/PolygonPrototype/Materials/Misc using Guid(dd3d61fb7c8e2e94b93f260dbca89d33) Importer(815301076,1909f56bfc062723c751e8b465ee728b)  -> (artifact id: '664e8d2891aa29ba8a3f440f0abb303e') in 0.010995 seconds 
========================================================================
Received Import Request.
  Time since last request: 0.733611 seconds.
  path: Assets/PolygonPrototype/Materials/Misc/PolygonPrototype_Glass.mat
  artifactKey: Guid(ab27c4a4c283cac489ef589c67077626) Importer(815301076,1909f56bfc062723c751e8b465ee728b)
Start importing Assets/PolygonPrototype/Materials/Misc/PolygonPrototype_Glass.mat using Guid(ab27c4a4c283cac489ef589c67077626) Importer(815301076,1909f56bfc062723c751e8b465ee728b)  -> (artifact id: '2017ba5d5160b6e4a53839ffd2dd8c3b') in 0.097030 seconds 
========================================================================
Received Prepare
Registering precompiled user dll's ...
Registered in 0.003744 seconds.
Begin MonoManager ReloadAssembly
Symbol file LoadedFromMemory doesn't match image C:\Users\utente\Desktop\stuff\Projects\InstructionalSimulation\UnityLessonSim\Library\PackageCache\com.unity.visualscripting@1.8.0\Editor\VisualScripting.Core\Dependencies\YamlDotNet\Unity.VisualScripting.YamlDotNet.dll
Symbol file LoadedFromMemory doesn't match image C:\Users\utente\Desktop\stuff\Projects\InstructionalSimulation\UnityLessonSim\Library\PackageCache\com.unity.visualscripting@1.8.0\Editor\VisualScripting.Core\Dependencies\DotNetZip\Unity.VisualScripting.IonicZip.dll
Native extension for WindowsStandalone target not found
Refreshing native plugins compatible for Editor in 0.63 ms, found 3 plugins.
Preloading 0 native plugins for Editor in 0.00 ms.
Mono: successfully reloaded assembly
- Completed reload, in  1.071 seconds
Domain Reload Profiling:
	ReloadAssembly (1072ms)
		BeginReloadAssembly (119ms)
			ExecutionOrderSort (0ms)
			DisableScriptedObjects (3ms)
			BackupInstance (0ms)
			ReleaseScriptingObjects (0ms)
			CreateAndSetChildDomain (30ms)
		EndReloadAssembly (866ms)
			LoadAssemblies (77ms)
			RebuildTransferFunctionScriptingTraits (0ms)
			SetupTypeCache (270ms)
			ReleaseScriptCaches (1ms)
			RebuildScriptCaches (41ms)
			SetupLoadedEditorAssemblies (441ms)
				LogAssemblyErrors (0ms)
				InitializePlatformSupportModulesInManaged (6ms)
				SetLoadedEditorAssemblies (0ms)
				RefreshPlugins (1ms)
				BeforeProcessingInitializeOnLoad (61ms)
				ProcessInitializeOnLoadAttributes (345ms)
				ProcessInitializeOnLoadMethodAttributes (17ms)
				AfterProcessingInitializeOnLoad (10ms)
				EditorAssembliesLoaded (0ms)
			ExecutionOrderSort2 (0ms)
			AwakeInstancesAfterBackupRestoration (7ms)
Platform modules already initialized, skipping
Refreshing native plugins compatible for Editor in 1.44 ms, found 3 plugins.
Preloading 0 native plugins for Editor in 0.00 ms.
Unloading 3042 Unused Serialized files (Serialized files now loaded: 0)
Unloading 17 unused Assets / (81.5 KB). Loaded Objects now: 3557.
Memory consumption went from 115.0 MB to 115.0 MB.
Total: 2.673700 ms (FindLiveObjects: 0.182900 ms CreateObjectMapping: 0.090300 ms MarkObjects: 2.308900 ms  DeleteObjects: 0.090700 ms)

AssetImportParameters requested are different than current active one (requested -> active):
  custom:video-decoder-ogg-theora: a1e56fd34408186e4bbccfd4996cb3dc -> 
  custom:container-muxer-webm: aa71ff27fc2769a1b78a27578f13a17b -> 
  custom:container-demuxer-webm: 4f35f7cbe854078d1ac9338744f61a02 -> 
  custom:video-encoder-webm-vp8: eb34c28f22e8b96e1ab97ce403110664 -> 
  custom:audio-encoder-webm-vorbis: bf7c407c2cedff20999df2af8eb42d56 -> 
  custom:framework-win-MediaFoundation: 216162199b28c13a410421893ffa2e32 -> 
  custom:container-demuxer-ogg: 62fdf1f143b41e24485cea50d1cbac27 -> 
  custom:video-decoder-webm-vp8: 9c59270c3fd7afecdb556c50c9e8de78 -> 
  custom:audio-decoder-ogg-vorbis: bf7c407c2cedff20999df2af8eb42d56 -> 
========================================================================
Received Import Request.
  Time since last request: 88.929650 seconds.
  path: Assets/Animators/Teacher.controller
  artifactKey: Guid(a408914b31ee2cd4b9837484d2aa962e) Importer(815301076,1909f56bfc062723c751e8b465ee728b)
Start importing Assets/Animators/Teacher.controller using Guid(a408914b31ee2cd4b9837484d2aa962e) Importer(815301076,1909f56bfc062723c751e8b465ee728b)  -> (artifact id: '5a2f932c9d9de26ecd452f56cc678b3b') in 0.028943 seconds 
========================================================================
Received Prepare
Registering precompiled user dll's ...
Registered in 0.003812 seconds.
Begin MonoManager ReloadAssembly
Symbol file LoadedFromMemory doesn't match image C:\Users\utente\Desktop\stuff\Projects\InstructionalSimulation\UnityLessonSim\Library\PackageCache\com.unity.visualscripting@1.8.0\Editor\VisualScripting.Core\Dependencies\YamlDotNet\Unity.VisualScripting.YamlDotNet.dll
Symbol file LoadedFromMemory doesn't match image C:\Users\utente\Desktop\stuff\Projects\InstructionalSimulation\UnityLessonSim\Library\PackageCache\com.unity.visualscripting@1.8.0\Editor\VisualScripting.Core\Dependencies\DotNetZip\Unity.VisualScripting.IonicZip.dll
Native extension for WindowsStandalone target not found
Refreshing native plugins compatible for Editor in 0.49 ms, found 3 plugins.
Preloading 0 native plugins for Editor in 0.00 ms.
Mono: successfully reloaded assembly
- Completed reload, in  0.950 seconds
Domain Reload Profiling:
	ReloadAssembly (950ms)
		BeginReloadAssembly (112ms)
			ExecutionOrderSort (0ms)
			DisableScriptedObjects (4ms)
			BackupInstance (0ms)
			ReleaseScriptingObjects (0ms)
			CreateAndSetChildDomain (27ms)
		EndReloadAssembly (759ms)
			LoadAssemblies (73ms)
			RebuildTransferFunctionScriptingTraits (0ms)
			SetupTypeCache (216ms)
			ReleaseScriptCaches (1ms)
			RebuildScriptCaches (34ms)
			SetupLoadedEditorAssemblies (406ms)
				LogAssemblyErrors (0ms)
				InitializePlatformSupportModulesInManaged (5ms)
				SetLoadedEditorAssemblies (0ms)
				RefreshPlugins (1ms)
				BeforeProcessingInitializeOnLoad (56ms)
				ProcessInitializeOnLoadAttributes (322ms)
				ProcessInitializeOnLoadMethodAttributes (15ms)
				AfterProcessingInitializeOnLoad (7ms)
				EditorAssembliesLoaded (0ms)
			ExecutionOrderSort2 (0ms)
			AwakeInstancesAfterBackupRestoration (6ms)
Platform modules already initialized, skipping
Refreshing native plugins compatible for Editor in 1.62 ms, found 3 plugins.
Preloading 0 native plugins for Editor in 0.00 ms.
Unloading 3042 Unused Serialized files (Serialized files now loaded: 0)
Unloading 17 unused Assets / (81.4 KB). Loaded Objects now: 3560.
Memory consumption went from 115.1 MB to 115.0 MB.
Total: 2.485400 ms (FindLiveObjects: 0.217600 ms CreateObjectMapping: 0.108400 ms MarkObjects: 2.074600 ms  DeleteObjects: 0.083600 ms)

AssetImportParameters requested are different than current active one (requested -> active):
  custom:video-decoder-ogg-theora: a1e56fd34408186e4bbccfd4996cb3dc -> 
  custom:container-muxer-webm: aa71ff27fc2769a1b78a27578f13a17b -> 
  custom:container-demuxer-webm: 4f35f7cbe854078d1ac9338744f61a02 -> 
  custom:video-encoder-webm-vp8: eb34c28f22e8b96e1ab97ce403110664 -> 
  custom:audio-encoder-webm-vorbis: bf7c407c2cedff20999df2af8eb42d56 -> 
  custom:framework-win-MediaFoundation: 216162199b28c13a410421893ffa2e32 -> 
  custom:container-demuxer-ogg: 62fdf1f143b41e24485cea50d1cbac27 -> 
  custom:video-decoder-webm-vp8: 9c59270c3fd7afecdb556c50c9e8de78 -> 
  custom:audio-decoder-ogg-vorbis: bf7c407c2cedff20999df2af8eb42d56 -> 
========================================================================
Received Import Request.
  Time since last request: 109.897828 seconds.
  path: Assets/Scenes
  artifactKey: Guid(6ea315d0fd7389c41b19996891e99ae3) Importer(815301076,1909f56bfc062723c751e8b465ee728b)
Start importing Assets/Scenes using Guid(6ea315d0fd7389c41b19996891e99ae3) Importer(815301076,1909f56bfc062723c751e8b465ee728b)  -> (artifact id: 'b8193726cff86800c54781cdc6d54904') in 0.006388 seconds 
========================================================================
Received Prepare
Registering precompiled user dll's ...
Registered in 0.015239 seconds.
Begin MonoManager ReloadAssembly
Symbol file LoadedFromMemory doesn't match image C:\Users\utente\Desktop\stuff\Projects\InstructionalSimulation\UnityLessonSim\Library\PackageCache\com.unity.visualscripting@1.8.0\Editor\VisualScripting.Core\Dependencies\YamlDotNet\Unity.VisualScripting.YamlDotNet.dll
Symbol file LoadedFromMemory doesn't match image C:\Users\utente\Desktop\stuff\Projects\InstructionalSimulation\UnityLessonSim\Library\PackageCache\com.unity.visualscripting@1.8.0\Editor\VisualScripting.Core\Dependencies\DotNetZip\Unity.VisualScripting.IonicZip.dll
Native extension for WindowsStandalone target not found
Refreshing native plugins compatible for Editor in 0.50 ms, found 3 plugins.
Preloading 0 native plugins for Editor in 0.00 ms.
Mono: successfully reloaded assembly
- Completed reload, in  0.990 seconds
Domain Reload Profiling:
	ReloadAssembly (991ms)
		BeginReloadAssembly (120ms)
			ExecutionOrderSort (0ms)
			DisableScriptedObjects (4ms)
			BackupInstance (0ms)
			ReleaseScriptingObjects (0ms)
			CreateAndSetChildDomain (27ms)
		EndReloadAssembly (786ms)
			LoadAssemblies (85ms)
			RebuildTransferFunctionScriptingTraits (0ms)
			SetupTypeCache (224ms)
			ReleaseScriptCaches (1ms)
			RebuildScriptCaches (34ms)
			SetupLoadedEditorAssemblies (414ms)
				LogAssemblyErrors (0ms)
				InitializePlatformSupportModulesInManaged (5ms)
				SetLoadedEditorAssemblies (0ms)
				RefreshPlugins (1ms)
				BeforeProcessingInitializeOnLoad (57ms)
				ProcessInitializeOnLoadAttributes (330ms)
				ProcessInitializeOnLoadMethodAttributes (15ms)
				AfterProcessingInitializeOnLoad (7ms)
				EditorAssembliesLoaded (0ms)
			ExecutionOrderSort2 (0ms)
			AwakeInstancesAfterBackupRestoration (6ms)
Platform modules already initialized, skipping
Refreshing native plugins compatible for Editor in 2.10 ms, found 3 plugins.
Preloading 0 native plugins for Editor in 0.00 ms.
Unloading 3042 Unused Serialized files (Serialized files now loaded: 0)
Unloading 17 unused Assets / (81.5 KB). Loaded Objects now: 3563.
Memory consumption went from 115.1 MB to 115.0 MB.
Total: 2.320400 ms (FindLiveObjects: 0.188300 ms CreateObjectMapping: 0.106500 ms MarkObjects: 1.942400 ms  DeleteObjects: 0.082400 ms)

AssetImportParameters requested are different than current active one (requested -> active):
  custom:video-decoder-ogg-theora: a1e56fd34408186e4bbccfd4996cb3dc -> 
  custom:container-muxer-webm: aa71ff27fc2769a1b78a27578f13a17b -> 
  custom:container-demuxer-webm: 4f35f7cbe854078d1ac9338744f61a02 -> 
  custom:video-encoder-webm-vp8: eb34c28f22e8b96e1ab97ce403110664 -> 
  custom:audio-encoder-webm-vorbis: bf7c407c2cedff20999df2af8eb42d56 -> 
  custom:framework-win-MediaFoundation: 216162199b28c13a410421893ffa2e32 -> 
  custom:container-demuxer-ogg: 62fdf1f143b41e24485cea50d1cbac27 -> 
  custom:video-decoder-webm-vp8: 9c59270c3fd7afecdb556c50c9e8de78 -> 
  custom:audio-decoder-ogg-vorbis: bf7c407c2cedff20999df2af8eb42d56 -> 
========================================================================
Received Import Request.
  Time since last request: 151.587394 seconds.
  path: Assets/PolygonPrototype/Models/SM_Buildings_FloorInner_Curved_2x2_01P.fbx
  artifactKey: Guid(3f5c320a134f60343a8514a340a8a0dd) Importer(815301076,1909f56bfc062723c751e8b465ee728b)
Start importing Assets/PolygonPrototype/Models/SM_Buildings_FloorInner_Curved_2x2_01P.fbx using Guid(3f5c320a134f60343a8514a340a8a0dd) Importer(815301076,1909f56bfc062723c751e8b465ee728b)  -> (artifact id: '3f02cedc1da048715198ef9f0473b5f3') in 0.127612 seconds 
========================================================================
Received Import Request.
  Time since last request: 0.000039 seconds.
  path: Assets/PolygonPrototype/Models/SM_Buildings_Rail_1x1_01.fbx
  artifactKey: Guid(c5bcb4f8573cb194dbacfa8c510e94f1) Importer(815301076,1909f56bfc062723c751e8b465ee728b)
Start importing Assets/PolygonPrototype/Models/SM_Buildings_Rail_1x1_01.fbx using Guid(c5bcb4f8573cb194dbacfa8c510e94f1) Importer(815301076,1909f56bfc062723c751e8b465ee728b)  -> (artifact id: '50d3e9f046e8a4ba83cc63f960bead22') in 0.014855 seconds 
========================================================================
Received Import Request.
  Time since last request: 0.000033 seconds.
  path: Assets/PolygonPrototype/Models/SM_Buildings_Rail_5x1_01P.fbx
  artifactKey: Guid(73282c0f90bcc6a45bf711cbfe956e50) Importer(815301076,1909f56bfc062723c751e8b465ee728b)
Start importing Assets/PolygonPrototype/Models/SM_Buildings_Rail_5x1_01P.fbx using Guid(73282c0f90bcc6a45bf711cbfe956e50) Importer(815301076,1909f56bfc062723c751e8b465ee728b)  -> (artifact id: '77ecad9d643a5743e52f03fc541c1e4f') in 0.014365 seconds 
========================================================================
Received Import Request.
  Time since last request: 2834.526673 seconds.
  path: Assets/Prefabs/Teacher/Teacher_01.mtl.bak
  artifactKey: Guid(8d4e9e3c3a8f68646b25228f4698da16) Importer(815301076,1909f56bfc062723c751e8b465ee728b)
Start importing Assets/Prefabs/Teacher/Teacher_01.mtl.bak using Guid(8d4e9e3c3a8f68646b25228f4698da16) Importer(815301076,1909f56bfc062723c751e8b465ee728b)  -> (artifact id: 'c698f5db886d823b9e8ac52449de3ba0') in 0.009411 seconds 
========================================================================
Received Import Request.
  Time since last request: 1.226136 seconds.
  path: Assets/Prefabs/Teacher/Teacher_01.mtl
  artifactKey: Guid(8158209a019419148abb8ea1bf0f6f02) Importer(815301076,1909f56bfc062723c751e8b465ee728b)
Start importing Assets/Prefabs/Teacher/Teacher_01.mtl using Guid(8158209a019419148abb8ea1bf0f6f02) Importer(815301076,1909f56bfc062723c751e8b465ee728b)  -> (artifact id: '625b224732731932579a342e1d51946c') in 0.007940 seconds 
========================================================================
Received Prepare
Registering precompiled user dll's ...
Registered in 0.005224 seconds.
Begin MonoManager ReloadAssembly
Symbol file LoadedFromMemory doesn't match image C:\Users\utente\Desktop\stuff\Projects\InstructionalSimulation\UnityLessonSim\Library\PackageCache\com.unity.visualscripting@1.8.0\Editor\VisualScripting.Core\Dependencies\YamlDotNet\Unity.VisualScripting.YamlDotNet.dll
Symbol file LoadedFromMemory doesn't match image C:\Users\utente\Desktop\stuff\Projects\InstructionalSimulation\UnityLessonSim\Library\PackageCache\com.unity.visualscripting@1.8.0\Editor\VisualScripting.Core\Dependencies\DotNetZip\Unity.VisualScripting.IonicZip.dll
Native extension for WindowsStandalone target not found
Refreshing native plugins compatible for Editor in 0.67 ms, found 3 plugins.
Preloading 0 native plugins for Editor in 0.00 ms.
Mono: successfully reloaded assembly
- Completed reload, in  1.070 seconds
Domain Reload Profiling:
	ReloadAssembly (1070ms)
		BeginReloadAssembly (170ms)
			ExecutionOrderSort (0ms)
			DisableScriptedObjects (4ms)
			BackupInstance (0ms)
			ReleaseScriptingObjects (0ms)
			CreateAndSetChildDomain (62ms)
		EndReloadAssembly (808ms)
			LoadAssemblies (90ms)
			RebuildTransferFunctionScriptingTraits (0ms)
			SetupTypeCache (248ms)
			ReleaseScriptCaches (1ms)
			RebuildScriptCaches (37ms)
			SetupLoadedEditorAssemblies (410ms)
				LogAssemblyErrors (0ms)
				InitializePlatformSupportModulesInManaged (6ms)
				SetLoadedEditorAssemblies (0ms)
				RefreshPlugins (1ms)
				BeforeProcessingInitializeOnLoad (62ms)
				ProcessInitializeOnLoadAttributes (318ms)
				ProcessInitializeOnLoadMethodAttributes (16ms)
				AfterProcessingInitializeOnLoad (7ms)
				EditorAssembliesLoaded (0ms)
			ExecutionOrderSort2 (0ms)
			AwakeInstancesAfterBackupRestoration (6ms)
Platform modules already initialized, skipping
Refreshing native plugins compatible for Editor in 1.50 ms, found 3 plugins.
Preloading 0 native plugins for Editor in 0.00 ms.
Unloading 3042 Unused Serialized files (Serialized files now loaded: 0)
Unloading 17 unused Assets / (81.6 KB). Loaded Objects now: 3570.
Memory consumption went from 115.2 MB to 115.2 MB.
Total: 2.605400 ms (FindLiveObjects: 0.197000 ms CreateObjectMapping: 0.089800 ms MarkObjects: 2.229400 ms  DeleteObjects: 0.088300 ms)

AssetImportParameters requested are different than current active one (requested -> active):
  custom:video-decoder-ogg-theora: a1e56fd34408186e4bbccfd4996cb3dc -> 
  custom:container-muxer-webm: aa71ff27fc2769a1b78a27578f13a17b -> 
  custom:container-demuxer-webm: 4f35f7cbe854078d1ac9338744f61a02 -> 
  custom:video-encoder-webm-vp8: eb34c28f22e8b96e1ab97ce403110664 -> 
  custom:audio-encoder-webm-vorbis: bf7c407c2cedff20999df2af8eb42d56 -> 
  custom:framework-win-MediaFoundation: 216162199b28c13a410421893ffa2e32 -> 
  custom:container-demuxer-ogg: 62fdf1f143b41e24485cea50d1cbac27 -> 
  custom:video-decoder-webm-vp8: 9c59270c3fd7afecdb556c50c9e8de78 -> 
  custom:audio-decoder-ogg-vorbis: bf7c407c2cedff20999df2af8eb42d56 -> 
========================================================================
Received Prepare
Registering precompiled user dll's ...
Registered in 0.004014 seconds.
Begin MonoManager ReloadAssembly
Symbol file LoadedFromMemory doesn't match image C:\Users\utente\Desktop\stuff\Projects\InstructionalSimulation\UnityLessonSim\Library\PackageCache\com.unity.visualscripting@1.8.0\Editor\VisualScripting.Core\Dependencies\YamlDotNet\Unity.VisualScripting.YamlDotNet.dll
Symbol file LoadedFromMemory doesn't match image C:\Users\utente\Desktop\stuff\Projects\InstructionalSimulation\UnityLessonSim\Library\PackageCache\com.unity.visualscripting@1.8.0\Editor\VisualScripting.Core\Dependencies\DotNetZip\Unity.VisualScripting.IonicZip.dll
Native extension for WindowsStandalone target not found
Refreshing native plugins compatible for Editor in 0.49 ms, found 3 plugins.
Preloading 0 native plugins for Editor in 0.00 ms.
Mono: successfully reloaded assembly
- Completed reload, in  0.935 seconds
Domain Reload Profiling:
	ReloadAssembly (936ms)
		BeginReloadAssembly (119ms)
			ExecutionOrderSort (0ms)
			DisableScriptedObjects (4ms)
			BackupInstance (0ms)
			ReleaseScriptingObjects (0ms)
			CreateAndSetChildDomain (31ms)
		EndReloadAssembly (739ms)
			LoadAssemblies (77ms)
			RebuildTransferFunctionScriptingTraits (0ms)
			SetupTypeCache (212ms)
			ReleaseScriptCaches (1ms)
			RebuildScriptCaches (36ms)
			SetupLoadedEditorAssemblies (391ms)
				LogAssemblyErrors (0ms)
				InitializePlatformSupportModulesInManaged (5ms)
				SetLoadedEditorAssemblies (0ms)
				RefreshPlugins (1ms)
				BeforeProcessingInitializeOnLoad (57ms)
				ProcessInitializeOnLoadAttributes (308ms)
				ProcessInitializeOnLoadMethodAttributes (13ms)
				AfterProcessingInitializeOnLoad (8ms)
				EditorAssembliesLoaded (0ms)
			ExecutionOrderSort2 (0ms)
			AwakeInstancesAfterBackupRestoration (6ms)
Platform modules already initialized, skipping
Refreshing native plugins compatible for Editor in 1.33 ms, found 3 plugins.
Preloading 0 native plugins for Editor in 0.00 ms.
Unloading 3042 Unused Serialized files (Serialized files now loaded: 0)
Unloading 17 unused Assets / (81.5 KB). Loaded Objects now: 3573.
Memory consumption went from 115.3 MB to 115.2 MB.
Total: 2.466800 ms (FindLiveObjects: 0.176600 ms CreateObjectMapping: 0.083500 ms MarkObjects: 2.090400 ms  DeleteObjects: 0.114800 ms)

AssetImportParameters requested are different than current active one (requested -> active):
  custom:video-decoder-ogg-theora: a1e56fd34408186e4bbccfd4996cb3dc -> 
  custom:container-muxer-webm: aa71ff27fc2769a1b78a27578f13a17b -> 
  custom:container-demuxer-webm: 4f35f7cbe854078d1ac9338744f61a02 -> 
  custom:video-encoder-webm-vp8: eb34c28f22e8b96e1ab97ce403110664 -> 
  custom:audio-encoder-webm-vorbis: bf7c407c2cedff20999df2af8eb42d56 -> 
  custom:framework-win-MediaFoundation: 216162199b28c13a410421893ffa2e32 -> 
  custom:container-demuxer-ogg: 62fdf1f143b41e24485cea50d1cbac27 -> 
  custom:video-decoder-webm-vp8: 9c59270c3fd7afecdb556c50c9e8de78 -> 
  custom:audio-decoder-ogg-vorbis: bf7c407c2cedff20999df2af8eb42d56 -> 
========================================================================
Received Import Request.
  Time since last request: 1137.695519 seconds.
  path: Assets/Animators/mixamo.com.anim
  artifactKey: Guid(b0f61e8871c0ce94da02508375985d7f) Importer(815301076,1909f56bfc062723c751e8b465ee728b)
Start importing Assets/Animators/mixamo.com.anim using Guid(b0f61e8871c0ce94da02508375985d7f) Importer(815301076,1909f56bfc062723c751e8b465ee728b)  -> (artifact id: '6caf8f95667d60c7c0e4d8b428f2b0cd') in 0.040106 seconds 
========================================================================
Received Import Request.
  Time since last request: 6.956639 seconds.
  path: Assets/Animators/walk.anim
  artifactKey: Guid(b0f61e8871c0ce94da02508375985d7f) Importer(815301076,1909f56bfc062723c751e8b465ee728b)
Start importing Assets/Animators/walk.anim using Guid(b0f61e8871c0ce94da02508375985d7f) Importer(815301076,1909f56bfc062723c751e8b465ee728b)  -> (artifact id: 'd4c2c5f409b769aa82d067f38b12f100') in 0.010517 seconds 
========================================================================
Received Prepare
Registering precompiled user dll's ...
Registered in 0.003937 seconds.
Begin MonoManager ReloadAssembly
Symbol file LoadedFromMemory doesn't match image C:\Users\utente\Desktop\stuff\Projects\InstructionalSimulation\UnityLessonSim\Library\PackageCache\com.unity.visualscripting@1.8.0\Editor\VisualScripting.Core\Dependencies\YamlDotNet\Unity.VisualScripting.YamlDotNet.dll
Symbol file LoadedFromMemory doesn't match image C:\Users\utente\Desktop\stuff\Projects\InstructionalSimulation\UnityLessonSim\Library\PackageCache\com.unity.visualscripting@1.8.0\Editor\VisualScripting.Core\Dependencies\DotNetZip\Unity.VisualScripting.IonicZip.dll
Native extension for WindowsStandalone target not found
Refreshing native plugins compatible for Editor in 1.14 ms, found 3 plugins.
Preloading 0 native plugins for Editor in 0.00 ms.
Mono: successfully reloaded assembly
- Completed reload, in  1.001 seconds
Domain Reload Profiling:
	ReloadAssembly (1002ms)
		BeginReloadAssembly (135ms)
			ExecutionOrderSort (0ms)
			DisableScriptedObjects (4ms)
			BackupInstance (0ms)
			ReleaseScriptingObjects (0ms)
			CreateAndSetChildDomain (33ms)
		EndReloadAssembly (780ms)
			LoadAssemblies (93ms)
			RebuildTransferFunctionScriptingTraits (0ms)
			SetupTypeCache (222ms)
			ReleaseScriptCaches (1ms)
			RebuildScriptCaches (36ms)
			SetupLoadedEditorAssemblies (406ms)
				LogAssemblyErrors (0ms)
				InitializePlatformSupportModulesInManaged (5ms)
				SetLoadedEditorAssemblies (0ms)
				RefreshPlugins (1ms)
				BeforeProcessingInitializeOnLoad (57ms)
				ProcessInitializeOnLoadAttributes (319ms)
				ProcessInitializeOnLoadMethodAttributes (16ms)
				AfterProcessingInitializeOnLoad (7ms)
				EditorAssembliesLoaded (0ms)
			ExecutionOrderSort2 (0ms)
			AwakeInstancesAfterBackupRestoration (7ms)
Platform modules already initialized, skipping
Refreshing native plugins compatible for Editor in 2.11 ms, found 3 plugins.
Preloading 0 native plugins for Editor in 0.00 ms.
Unloading 3042 Unused Serialized files (Serialized files now loaded: 0)
Unloading 17 unused Assets / (82.0 KB). Loaded Objects now: 3576.
Memory consumption went from 115.3 MB to 115.2 MB.
Total: 2.711300 ms (FindLiveObjects: 0.212600 ms CreateObjectMapping: 0.103000 ms MarkObjects: 2.293000 ms  DeleteObjects: 0.101400 ms)

AssetImportParameters requested are different than current active one (requested -> active):
  custom:video-decoder-ogg-theora: a1e56fd34408186e4bbccfd4996cb3dc -> 
  custom:container-muxer-webm: aa71ff27fc2769a1b78a27578f13a17b -> 
  custom:container-demuxer-webm: 4f35f7cbe854078d1ac9338744f61a02 -> 
  custom:video-encoder-webm-vp8: eb34c28f22e8b96e1ab97ce403110664 -> 
  custom:audio-encoder-webm-vorbis: bf7c407c2cedff20999df2af8eb42d56 -> 
  custom:framework-win-MediaFoundation: 216162199b28c13a410421893ffa2e32 -> 
  custom:container-demuxer-ogg: 62fdf1f143b41e24485cea50d1cbac27 -> 
  custom:video-decoder-webm-vp8: 9c59270c3fd7afecdb556c50c9e8de78 -> 
  custom:audio-decoder-ogg-vorbis: bf7c407c2cedff20999df2af8eb42d56 -> 
========================================================================
Received Import Request.
  Time since last request: 198.676171 seconds.
  path: Assets/Animators/Walking.fbx
  artifactKey: Guid(70a11e20b2fc64642836d1bfa5c8d4d0) Importer(815301076,1909f56bfc062723c751e8b465ee728b)
Start importing Assets/Animators/Walking.fbx using Guid(70a11e20b2fc64642836d1bfa5c8d4d0) Importer(815301076,1909f56bfc062723c751e8b465ee728b)  -> (artifact id: '317742cfc79e62f393f7399eb990f575') in 0.030828 seconds 
========================================================================
Received Import Request.
  Time since last request: 6.222951 seconds.
  path: Assets/Animators/Walking.fbx
  artifactKey: Guid(70a11e20b2fc64642836d1bfa5c8d4d0) Importer(815301076,1909f56bfc062723c751e8b465ee728b)
Start importing Assets/Animators/Walking.fbx using Guid(70a11e20b2fc64642836d1bfa5c8d4d0) Importer(815301076,1909f56bfc062723c751e8b465ee728b)  -> (artifact id: 'a99673d1dba34fbd22d81dfcccbb1e07') in 0.004310 seconds 
========================================================================
Received Import Request.
  Time since last request: 21.367433 seconds.
  path: Assets/Animators/Walking.fbx
  artifactKey: Guid(70a11e20b2fc64642836d1bfa5c8d4d0) Importer(815301076,1909f56bfc062723c751e8b465ee728b)
Start importing Assets/Animators/Walking.fbx using Guid(70a11e20b2fc64642836d1bfa5c8d4d0) Importer(815301076,1909f56bfc062723c751e8b465ee728b)  -> (artifact id: 'ee899e31ec5262274b0f94a3c044c742') in 0.004614 seconds 
========================================================================
Received Import Request.
  Time since last request: 17.081157 seconds.
  path: Assets/PolygonPrototype/Models/SM_Buildings_RailStairs_1x1_01P.fbx
  artifactKey: Guid(706c3ab02139d744896f9e28f63949bb) Importer(815301076,1909f56bfc062723c751e8b465ee728b)
Start importing Assets/PolygonPrototype/Models/SM_Buildings_RailStairs_1x1_01P.fbx using Guid(706c3ab02139d744896f9e28f63949bb) Importer(815301076,1909f56bfc062723c751e8b465ee728b)  -> (artifact id: 'de1326d6b7c0cfad66665ad1c6b59a1d') in 0.070328 seconds 
========================================================================
Received Import Request.
  Time since last request: 0.000021 seconds.
  path: Assets/PolygonPrototype/Models/SM_Buildings_Ramp_60_1x1_01P.fbx
  artifactKey: Guid(5646b47812647344d99a24387fa27501) Importer(815301076,1909f56bfc062723c751e8b465ee728b)
Start importing Assets/PolygonPrototype/Models/SM_Buildings_Ramp_60_1x1_01P.fbx using Guid(5646b47812647344d99a24387fa27501) Importer(815301076,1909f56bfc062723c751e8b465ee728b)  -> (artifact id: '2a2b09604254a26072c8edb05379793d') in 0.018088 seconds 
========================================================================
Received Import Request.
  Time since last request: 0.000022 seconds.
  path: Assets/PolygonPrototype/Models/SM_Buildings_Ramp_Corner_1x1_01.fbx
  artifactKey: Guid(511d99d66fd978741b5c0785e2ebfdc0) Importer(815301076,1909f56bfc062723c751e8b465ee728b)
Start importing Assets/PolygonPrototype/Models/SM_Buildings_Ramp_Corner_1x1_01.fbx using Guid(511d99d66fd978741b5c0785e2ebfdc0) Importer(815301076,1909f56bfc062723c751e8b465ee728b)  -> (artifact id: 'f906fb0421568a3c204ce396dbf07ca1') in 0.017500 seconds 
========================================================================
Received Import Request.
  Time since last request: 0.000020 seconds.
  path: Assets/PolygonPrototype/Models/SM_Buildings_Ramp_Corner_1x1_01P.fbx
  artifactKey: Guid(fc6a33c2d2d84ab4f818c00a1ffed0b5) Importer(815301076,1909f56bfc062723c751e8b465ee728b)
Start importing Assets/PolygonPrototype/Models/SM_Buildings_Ramp_Corner_1x1_01P.fbx using Guid(fc6a33c2d2d84ab4f818c00a1ffed0b5) Importer(815301076,1909f56bfc062723c751e8b465ee728b)  -> (artifact id: '57c29076dd4aae8230cba95714ce2f1a') in 0.016255 seconds 
========================================================================
Received Import Request.
  Time since last request: 0.000020 seconds.
  path: Assets/PolygonPrototype/Models/SM_Buildings_Ramp_25_1x1_01P.fbx
  artifactKey: Guid(af10d369e76a8e04d819931f8a2d7713) Importer(815301076,1909f56bfc062723c751e8b465ee728b)
Start importing Assets/PolygonPrototype/Models/SM_Buildings_Ramp_25_1x1_01P.fbx using Guid(af10d369e76a8e04d819931f8a2d7713) Importer(815301076,1909f56bfc062723c751e8b465ee728b)  -> (artifact id: '18526040b1030f4f5cfc2cfcffe9b241') in 0.016898 seconds 
========================================================================
Received Import Request.
  Time since last request: 0.000026 seconds.
  path: Assets/PolygonPrototype/Models/SM_Buildings_Ramp_70_1x1_01.fbx
  artifactKey: Guid(fc2c81bcdcc76754f932a5b884b9472d) Importer(815301076,1909f56bfc062723c751e8b465ee728b)
Start importing Assets/PolygonPrototype/Models/SM_Buildings_Ramp_70_1x1_01.fbx using Guid(fc2c81bcdcc76754f932a5b884b9472d) Importer(815301076,1909f56bfc062723c751e8b465ee728b)  -> (artifact id: 'a92397c1ef0e16e92d15565313659093') in 0.014818 seconds 
========================================================================
Received Import Request.
  Time since last request: 0.000028 seconds.
  path: Assets/PolygonPrototype/Models/SM_Buildings_Ramp_65_1x1_01P.fbx
  artifactKey: Guid(9bd53a8eb87ec0c49a0e0bc25c2412e8) Importer(815301076,1909f56bfc062723c751e8b465ee728b)
Start importing Assets/PolygonPrototype/Models/SM_Buildings_Ramp_65_1x1_01P.fbx using Guid(9bd53a8eb87ec0c49a0e0bc25c2412e8) Importer(815301076,1909f56bfc062723c751e8b465ee728b)  -> (artifact id: 'cef3f3277c0a5b715a01729aea7bc853') in 0.016395 seconds 
========================================================================
Received Import Request.
  Time since last request: 0.000022 seconds.
  path: Assets/PolygonPrototype/Models/SM_Buildings_RoofAngled_2x2_01P.fbx
  artifactKey: Guid(7fba5b447b033a84a8beafd094a7be3b) Importer(815301076,1909f56bfc062723c751e8b465ee728b)
Start importing Assets/PolygonPrototype/Models/SM_Buildings_RoofAngled_2x2_01P.fbx using Guid(7fba5b447b033a84a8beafd094a7be3b) Importer(815301076,1909f56bfc062723c751e8b465ee728b)  -> (artifact id: '59b7cd7c8eef65dd1877ec778f24be9f') in 0.015559 seconds 
========================================================================
Received Import Request.
  Time since last request: 0.000024 seconds.
  path: Assets/PolygonPrototype/Models/SM_Buildings_Ramp_55_1x1_01P.fbx
  artifactKey: Guid(07b430dbba196884e8d93522495830e2) Importer(815301076,1909f56bfc062723c751e8b465ee728b)
Start importing Assets/PolygonPrototype/Models/SM_Buildings_Ramp_55_1x1_01P.fbx using Guid(07b430dbba196884e8d93522495830e2) Importer(815301076,1909f56bfc062723c751e8b465ee728b)  -> (artifact id: 'a5e0419a2d3db6915f6ce23728021759') in 0.016344 seconds 
========================================================================
Received Import Request.
  Time since last request: 0.000021 seconds.
  path: Assets/PolygonPrototype/Models/SM_Buildings_Ramp_40_1x1_01P.fbx
  artifactKey: Guid(8a091faf784993643abfc9a48063d8fc) Importer(815301076,1909f56bfc062723c751e8b465ee728b)
Start importing Assets/PolygonPrototype/Models/SM_Buildings_Ramp_40_1x1_01P.fbx using Guid(8a091faf784993643abfc9a48063d8fc) Importer(815301076,1909f56bfc062723c751e8b465ee728b)  -> (artifact id: '68c65b1446d7cded441b1266842f7372') in 0.018425 seconds 
========================================================================
Received Import Request.
  Time since last request: 0.000022 seconds.
  path: Assets/PolygonPrototype/Models/SM_Buildings_Ramp_60_1x1_01.fbx
  artifactKey: Guid(a705e2c334302b1448dd93cfd04f9585) Importer(815301076,1909f56bfc062723c751e8b465ee728b)
Start importing Assets/PolygonPrototype/Models/SM_Buildings_Ramp_60_1x1_01.fbx using Guid(a705e2c334302b1448dd93cfd04f9585) Importer(815301076,1909f56bfc062723c751e8b465ee728b)  -> (artifact id: 'ebf5c115f382baeb76fd20ce1c044e15') in 0.018352 seconds 
========================================================================
Received Import Request.
  Time since last request: 0.000024 seconds.
  path: Assets/PolygonPrototype/Models/SM_Buildings_RoofAngled_1x1_01.fbx
  artifactKey: Guid(e564d08ee9bd463498b4862a5501bcb9) Importer(815301076,1909f56bfc062723c751e8b465ee728b)
Start importing Assets/PolygonPrototype/Models/SM_Buildings_RoofAngled_1x1_01.fbx using Guid(e564d08ee9bd463498b4862a5501bcb9) Importer(815301076,1909f56bfc062723c751e8b465ee728b)  -> (artifact id: '576a907a9c9d6684b95f11a0f086fb46') in 0.015046 seconds 
========================================================================
Received Import Request.
  Time since last request: 0.000018 seconds.
  path: Assets/PolygonPrototype/Models/SM_Buildings_Ramp_50_1x1_01P.fbx
  artifactKey: Guid(dc5a1a23fde45e845b537d1c4b59b04c) Importer(815301076,1909f56bfc062723c751e8b465ee728b)
Start importing Assets/PolygonPrototype/Models/SM_Buildings_Ramp_50_1x1_01P.fbx using Guid(dc5a1a23fde45e845b537d1c4b59b04c) Importer(815301076,1909f56bfc062723c751e8b465ee728b)  -> (artifact id: 'ef641425f719bff7015a69459a309d2f') in 0.016425 seconds 
========================================================================
Received Import Request.
  Time since last request: 0.000017 seconds.
  path: Assets/PolygonPrototype/Models/SM_Buildings_RoofAngledCornerInner_1x1_01.fbx
  artifactKey: Guid(2b5aebd9d645bfe498b624603d4ed59f) Importer(815301076,1909f56bfc062723c751e8b465ee728b)
Start importing Assets/PolygonPrototype/Models/SM_Buildings_RoofAngledCornerInner_1x1_01.fbx using Guid(2b5aebd9d645bfe498b624603d4ed59f) Importer(815301076,1909f56bfc062723c751e8b465ee728b)  -> (artifact id: '271e4b5aa1d26d1db6b6b8c8e7c67db2') in 0.017459 seconds 
========================================================================
Received Import Request.
  Time since last request: 0.000040 seconds.
  path: Assets/PolygonPrototype/Models/SM_Buildings_RoofAngledCornerOuter_5x5_01.fbx
  artifactKey: Guid(bc04ea6ad29a15042b0d7a280b53a7b0) Importer(815301076,1909f56bfc062723c751e8b465ee728b)
Start importing Assets/PolygonPrototype/Models/SM_Buildings_RoofAngledCornerOuter_5x5_01.fbx using Guid(bc04ea6ad29a15042b0d7a280b53a7b0) Importer(815301076,1909f56bfc062723c751e8b465ee728b)  -> (artifact id: '5ad1096181387c53c21e6a7f0a5622f1') in 0.016418 seconds 
========================================================================
Received Import Request.
  Time since last request: 0.000020 seconds.
  path: Assets/PolygonPrototype/Models/SM_Buildings_RoofAngledCornerOuter_1x1_01.fbx
  artifactKey: Guid(115fe642289dc974eb2ffdea9c9ec5d2) Importer(815301076,1909f56bfc062723c751e8b465ee728b)
Start importing Assets/PolygonPrototype/Models/SM_Buildings_RoofAngledCornerOuter_1x1_01.fbx using Guid(115fe642289dc974eb2ffdea9c9ec5d2) Importer(815301076,1909f56bfc062723c751e8b465ee728b)  -> (artifact id: '801d58852fdf0339fd2f7e3fce122d6b') in 0.017753 seconds 
========================================================================
Received Import Request.
  Time since last request: 0.000021 seconds.
  path: Assets/PolygonPrototype/Models/SM_Buildings_RoofAngledCornerOuter_2x2_01.fbx
  artifactKey: Guid(4e7b957c94835a045a4ceec35bd07e35) Importer(815301076,1909f56bfc062723c751e8b465ee728b)
Start importing Assets/PolygonPrototype/Models/SM_Buildings_RoofAngledCornerOuter_2x2_01.fbx using Guid(4e7b957c94835a045a4ceec35bd07e35) Importer(815301076,1909f56bfc062723c751e8b465ee728b)  -> (artifact id: 'cef6367e4f87ab4b746b5e9bf80138fe') in 0.024678 seconds 
========================================================================
Received Import Request.
  Time since last request: 0.000047 seconds.
  path: Assets/PolygonPrototype/Models/SM_Buildings_RoofAngledCornerInner_2x2_01P.fbx
  artifactKey: Guid(99db13b6803f3f547b62fa433780c667) Importer(815301076,1909f56bfc062723c751e8b465ee728b)
Start importing Assets/PolygonPrototype/Models/SM_Buildings_RoofAngledCornerInner_2x2_01P.fbx using Guid(99db13b6803f3f547b62fa433780c667) Importer(815301076,1909f56bfc062723c751e8b465ee728b)  -> (artifact id: '50fabe985a649f5377dd8c45745d560e') in 0.015215 seconds 
========================================================================
Received Import Request.
  Time since last request: 0.000023 seconds.
  path: Assets/PolygonPrototype/Models/SM_Buildings_RoofAngled_1x1_01P.fbx
  artifactKey: Guid(9519322d03271a34e8b2413230c4e3ff) Importer(815301076,1909f56bfc062723c751e8b465ee728b)
Start importing Assets/PolygonPrototype/Models/SM_Buildings_RoofAngled_1x1_01P.fbx using Guid(9519322d03271a34e8b2413230c4e3ff) Importer(815301076,1909f56bfc062723c751e8b465ee728b)  -> (artifact id: '2ec148a526d3447ed1dd87c18ca00dab') in 0.015181 seconds 
========================================================================
Received Import Request.
  Time since last request: 0.000015 seconds.
  path: Assets/PolygonPrototype/Models/SM_Buildings_RoofAngledCornerMiddle_5x5_01P.fbx
  artifactKey: Guid(390362d437b8a2049b27604705724077) Importer(815301076,1909f56bfc062723c751e8b465ee728b)
Start importing Assets/PolygonPrototype/Models/SM_Buildings_RoofAngledCornerMiddle_5x5_01P.fbx using Guid(390362d437b8a2049b27604705724077) Importer(815301076,1909f56bfc062723c751e8b465ee728b)  -> (artifact id: '6872c1e894be74fba0fa6daf133b4ade') in 0.018739 seconds 
========================================================================
Received Import Request.
  Time since last request: 0.000026 seconds.
  path: Assets/PolygonPrototype/Models/SM_Buildings_RoofAngledCornerMiddle_2x2_01P.fbx
  artifactKey: Guid(64bc5851aa4a2b04997325a9e65b1e1a) Importer(815301076,1909f56bfc062723c751e8b465ee728b)
Start importing Assets/PolygonPrototype/Models/SM_Buildings_RoofAngledCornerMiddle_2x2_01P.fbx using Guid(64bc5851aa4a2b04997325a9e65b1e1a) Importer(815301076,1909f56bfc062723c751e8b465ee728b)  -> (artifact id: '22d6f4727ccd002a00ecb07e08fc8d4d') in 0.015436 seconds 
========================================================================
Received Import Request.
  Time since last request: 0.000016 seconds.
  path: Assets/PolygonPrototype/Models/SM_Buildings_Ramp_45_1x1_01.fbx
  artifactKey: Guid(e773e5e2f9670824bad8b836f8425d2c) Importer(815301076,1909f56bfc062723c751e8b465ee728b)
Start importing Assets/PolygonPrototype/Models/SM_Buildings_Ramp_45_1x1_01.fbx using Guid(e773e5e2f9670824bad8b836f8425d2c) Importer(815301076,1909f56bfc062723c751e8b465ee728b)  -> (artifact id: '15eb2d921bc27c9a9082dd655041b82b') in 0.016875 seconds 
========================================================================
Received Import Request.
  Time since last request: 0.000018 seconds.
  path: Assets/PolygonPrototype/Models/SM_Buildings_RoofAngled_5x5_01.fbx
  artifactKey: Guid(e9df72721bd4bc74399d147d14cf4fbd) Importer(815301076,1909f56bfc062723c751e8b465ee728b)
Start importing Assets/PolygonPrototype/Models/SM_Buildings_RoofAngled_5x5_01.fbx using Guid(e9df72721bd4bc74399d147d14cf4fbd) Importer(815301076,1909f56bfc062723c751e8b465ee728b)  -> (artifact id: 'dc6eca15167b78334b379cb8b764de74') in 0.017211 seconds 
========================================================================
Received Import Request.
  Time since last request: 0.000032 seconds.
  path: Assets/PolygonPrototype/Models/SM_Buildings_Ramp_50_1x1_01.fbx
  artifactKey: Guid(594459aa04a62d341870a2163bedde39) Importer(815301076,1909f56bfc062723c751e8b465ee728b)
Start importing Assets/PolygonPrototype/Models/SM_Buildings_Ramp_50_1x1_01.fbx using Guid(594459aa04a62d341870a2163bedde39) Importer(815301076,1909f56bfc062723c751e8b465ee728b)  -> (artifact id: '810220def1ab51d7ffcd2c1855a9ac63') in 0.018965 seconds 
========================================================================
Received Import Request.
  Time since last request: 0.000024 seconds.
  path: Assets/PolygonPrototype/Models/SM_Buildings_Ramp_30_1x1_01.fbx
  artifactKey: Guid(9680bb21f6e9c5e46845d5c6875584e9) Importer(815301076,1909f56bfc062723c751e8b465ee728b)
Start importing Assets/PolygonPrototype/Models/SM_Buildings_Ramp_30_1x1_01.fbx using Guid(9680bb21f6e9c5e46845d5c6875584e9) Importer(815301076,1909f56bfc062723c751e8b465ee728b)  -> (artifact id: '3beb164a4c9e739af54ef1ba05ee7eaa') in 0.015250 seconds 
========================================================================
Received Import Request.
  Time since last request: 0.000021 seconds.
  path: Assets/PolygonPrototype/Models/SM_Buildings_RoofAngledCornerMiddle_5x5_01.fbx
  artifactKey: Guid(c47b46bd289fbcf40a5a0ce828da8f86) Importer(815301076,1909f56bfc062723c751e8b465ee728b)
Start importing Assets/PolygonPrototype/Models/SM_Buildings_RoofAngledCornerMiddle_5x5_01.fbx using Guid(c47b46bd289fbcf40a5a0ce828da8f86) Importer(815301076,1909f56bfc062723c751e8b465ee728b)  -> (artifact id: 'f2ea32674182f8e84fd78cd2ccfac205') in 0.014614 seconds 
========================================================================
Received Import Request.
  Time since last request: 0.000028 seconds.
  path: Assets/PolygonPrototype/Models/SM_Buildings_Ramp_20_1x1_01P.fbx
  artifactKey: Guid(5e747a14339ff7942bcae556683efe19) Importer(815301076,1909f56bfc062723c751e8b465ee728b)
Start importing Assets/PolygonPrototype/Models/SM_Buildings_Ramp_20_1x1_01P.fbx using Guid(5e747a14339ff7942bcae556683efe19) Importer(815301076,1909f56bfc062723c751e8b465ee728b)  -> (artifact id: '4aedd00e9b5a5fa9536aef70cbcf1e9e') in 0.014085 seconds 
Editor requested this worker to shutdown with reason: Scaling down because of idle timeout
AssetImportWorker is now disconnected from the server
Process exiting
Exiting without the bug reporter. Application will terminate with return code 0