Using pre-set license
Built from '2021.3/staging' branch; Version is '2021.3.20f1 (577897200b8b) revision 5732503'; Using compiler version '192829333'; Build Type 'Release'
OS: 'Windows 10  (10.0.19045) 64bit Core' Language: 'it' Physical Memory: 16239 MB
BatchMode: 1, IsHumanControllingUs: 0, StartBugReporterOnCrash: 0, Is64bit: 1, IsPro: 1

COMMAND LINE ARGUMENTS:
C:\Program Files\Unity\Hub\Editor\2021.3.20f1\Editor\Unity.exe
-adb2
-batchMode
-noUpm
-name
AssetImportWorker0
-projectPath
C:/Users/utente/Desktop/stuff/Projects/InstructionalSimulation/UnityLessonSim
-logFile
Logs/AssetImportWorker0.log
-srvPort
53463
Successfully changed project path to: C:/Users/utente/Desktop/stuff/Projects/InstructionalSimulation/UnityLessonSim
C:/Users/utente/Desktop/stuff/Projects/InstructionalSimulation/UnityLessonSim
[UnityMemory] Configuration Parameters - Can be set up in boot.config
    "memorysetup-bucket-allocator-granularity=16"
    "memorysetup-bucket-allocator-bucket-count=8"
    "memorysetup-bucket-allocator-block-size=33554432"
    "memorysetup-bucket-allocator-block-count=8"
    "memorysetup-main-allocator-block-size=16777216"
    "memorysetup-thread-allocator-block-size=16777216"
    "memorysetup-gfx-main-allocator-block-size=16777216"
    "memorysetup-gfx-thread-allocator-block-size=16777216"
    "memorysetup-cache-allocator-block-size=4194304"
    "memorysetup-typetree-allocator-block-size=2097152"
    "memorysetup-profiler-bucket-allocator-granularity=16"
    "memorysetup-profiler-bucket-allocator-bucket-count=8"
    "memorysetup-profiler-bucket-allocator-block-size=33554432"
    "memorysetup-profiler-bucket-allocator-block-count=8"
    "memorysetup-profiler-allocator-block-size=16777216"
    "memorysetup-profiler-editor-allocator-block-size=1048576"
    "memorysetup-temp-allocator-size-main=16777216"
    "memorysetup-job-temp-allocator-block-size=2097152"
    "memorysetup-job-temp-allocator-block-size-background=1048576"
    "memorysetup-job-temp-allocator-reduction-small-platforms=262144"
    "memorysetup-temp-allocator-size-background-worker=32768"
    "memorysetup-temp-allocator-size-job-worker=262144"
    "memorysetup-temp-allocator-size-preload-manager=33554432"
    "memorysetup-temp-allocator-size-nav-mesh-worker=65536"
    "memorysetup-temp-allocator-size-audio-worker=65536"
    "memorysetup-temp-allocator-size-cloud-worker=32768"
    "memorysetup-temp-allocator-size-gi-baking-worker=262144"
    "memorysetup-temp-allocator-size-gfx=262144"
Player connection [7616] Host "[IP] 192.168.1.123 [Port] 0 [Flags] 2 [Guid] 3962123614 [EditorId] 3962123614 [Version] 1048832 [Id] WindowsEditor(7,BaccoPC) [Debug] 1 [PackageName] WindowsEditor [ProjectName] Editor" joined multi-casting on [225.0.0.222:54997]...

Player connection [7616] Host "[IP] 192.168.1.123 [Port] 0 [Flags] 2 [Guid] 3962123614 [EditorId] 3962123614 [Version] 1048832 [Id] WindowsEditor(7,BaccoPC) [Debug] 1 [PackageName] WindowsEditor [ProjectName] Editor" joined alternative multi-casting on [225.0.0.222:34997]...

Refreshing native plugins compatible for Editor in 64.67 ms, found 3 plugins.
Preloading 0 native plugins for Editor in 0.00 ms.
Initialize engine version: 2021.3.20f1 (577897200b8b)
[Subsystems] Discovering subsystems at path C:/Program Files/Unity/Hub/Editor/2021.3.20f1/Editor/Data/Resources/UnitySubsystems
[Subsystems] Discovering subsystems at path C:/Users/utente/Desktop/stuff/Projects/InstructionalSimulation/UnityLessonSim/Assets
GfxDevice: creating device client; threaded=0; jobified=0
Direct3D:
    Version:  Direct3D 11.0 [level 11.1]
    Renderer: NVIDIA GeForce GTX 1660 SUPER (ID=0x21c4)
    Vendor:   NVIDIA
    VRAM:     5981 MB
    Driver:   31.0.15.4665
Initialize mono
Mono path[0] = 'C:/Program Files/Unity/Hub/Editor/2021.3.20f1/Editor/Data/Managed'
Mono path[1] = 'C:/Program Files/Unity/Hub/Editor/2021.3.20f1/Editor/Data/MonoBleedingEdge/lib/mono/unityjit-win32'
Mono config path = 'C:/Program Files/Unity/Hub/Editor/2021.3.20f1/Editor/Data/MonoBleedingEdge/etc'
Using monoOptions --debugger-agent=transport=dt_socket,embedding=1,server=y,suspend=n,address=127.0.0.1:56100
Begin MonoManager ReloadAssembly
Registering precompiled unity dll's ...
Register platform support module: C:/Program Files/Unity/Hub/Editor/2021.3.20f1/Editor/Data/PlaybackEngines/WindowsStandaloneSupport/UnityEditor.WindowsStandalone.Extensions.dll
Registered in 0.005412 seconds.
Native extension for WindowsStandalone target not found
Refreshing native plugins compatible for Editor in 62.52 ms, found 3 plugins.
Preloading 0 native plugins for Editor in 0.00 ms.
Mono: successfully reloaded assembly
- Completed reload, in  0.517 seconds
Domain Reload Profiling:
	ReloadAssembly (518ms)
		BeginReloadAssembly (69ms)
			ExecutionOrderSort (0ms)
			DisableScriptedObjects (0ms)
			BackupInstance (0ms)
			ReleaseScriptingObjects (0ms)
			CreateAndSetChildDomain (1ms)
		EndReloadAssembly (364ms)
			LoadAssemblies (67ms)
			RebuildTransferFunctionScriptingTraits (0ms)
			SetupTypeCache (81ms)
			ReleaseScriptCaches (0ms)
			RebuildScriptCaches (23ms)
			SetupLoadedEditorAssemblies (219ms)
				LogAssemblyErrors (0ms)
				InitializePlatformSupportModulesInManaged (6ms)
				SetLoadedEditorAssemblies (0ms)
				RefreshPlugins (63ms)
				BeforeProcessingInitializeOnLoad (1ms)
				ProcessInitializeOnLoadAttributes (113ms)
				ProcessInitializeOnLoadMethodAttributes (36ms)
				AfterProcessingInitializeOnLoad (0ms)
				EditorAssembliesLoaded (0ms)
			ExecutionOrderSort2 (0ms)
			AwakeInstancesAfterBackupRestoration (0ms)
Platform modules already initialized, skipping
Registering precompiled user dll's ...
Registered in 0.004305 seconds.
Begin MonoManager ReloadAssembly
Symbol file LoadedFromMemory doesn't match image C:\Users\utente\Desktop\stuff\Projects\InstructionalSimulation\UnityLessonSim\Library\PackageCache\com.unity.visualscripting@1.8.0\Editor\VisualScripting.Core\Dependencies\YamlDotNet\Unity.VisualScripting.YamlDotNet.dll
Symbol file LoadedFromMemory doesn't match image C:\Users\utente\Desktop\stuff\Projects\InstructionalSimulation\UnityLessonSim\Library\PackageCache\com.unity.visualscripting@1.8.0\Editor\VisualScripting.Core\Dependencies\DotNetZip\Unity.VisualScripting.IonicZip.dll
Native extension for WindowsStandalone target not found
Refreshing native plugins compatible for Editor in 0.42 ms, found 3 plugins.
Preloading 0 native plugins for Editor in 0.00 ms.
Mono: successfully reloaded assembly
- Completed reload, in  0.960 seconds
Domain Reload Profiling:
	ReloadAssembly (960ms)
		BeginReloadAssembly (98ms)
			ExecutionOrderSort (0ms)
			DisableScriptedObjects (5ms)
			BackupInstance (0ms)
			ReleaseScriptingObjects (0ms)
			CreateAndSetChildDomain (15ms)
		EndReloadAssembly (779ms)
			LoadAssemblies (76ms)
			RebuildTransferFunctionScriptingTraits (0ms)
			SetupTypeCache (212ms)
			ReleaseScriptCaches (0ms)
			RebuildScriptCaches (41ms)
			SetupLoadedEditorAssemblies (429ms)
				LogAssemblyErrors (0ms)
				InitializePlatformSupportModulesInManaged (5ms)
				SetLoadedEditorAssemblies (0ms)
				RefreshPlugins (0ms)
				BeforeProcessingInitializeOnLoad (70ms)
				ProcessInitializeOnLoadAttributes (328ms)
				ProcessInitializeOnLoadMethodAttributes (16ms)
				AfterProcessingInitializeOnLoad (8ms)
				EditorAssembliesLoaded (0ms)
			ExecutionOrderSort2 (0ms)
			AwakeInstancesAfterBackupRestoration (7ms)
Platform modules already initialized, skipping
========================================================================
Worker process is ready to serve import requests
Launched and connected shader compiler UnityShaderCompiler.exe after 0.03 seconds
Refreshing native plugins compatible for Editor in 0.41 ms, found 3 plugins.
Preloading 0 native plugins for Editor in 0.00 ms.
Unloading 3047 Unused Serialized files (Serialized files now loaded: 0)
Unloading 24 unused Assets / (113.8 KB). Loaded Objects now: 3507.
Memory consumption went from 108.4 MB to 108.3 MB.
Total: 2.313400 ms (FindLiveObjects: 0.195400 ms CreateObjectMapping: 0.087000 ms MarkObjects: 1.945800 ms  DeleteObjects: 0.084100 ms)

AssetImportParameters requested are different than current active one (requested -> active):
  custom:video-decoder-ogg-theora: a1e56fd34408186e4bbccfd4996cb3dc -> 
  custom:container-muxer-webm: aa71ff27fc2769a1b78a27578f13a17b -> 
  custom:container-demuxer-webm: 4f35f7cbe854078d1ac9338744f61a02 -> 
  custom:video-encoder-webm-vp8: eb34c28f22e8b96e1ab97ce403110664 -> 
  custom:audio-encoder-webm-vorbis: bf7c407c2cedff20999df2af8eb42d56 -> 
  custom:framework-win-MediaFoundation: 216162199b28c13a410421893ffa2e32 -> 
  custom:container-demuxer-ogg: 62fdf1f143b41e24485cea50d1cbac27 -> 
  custom:video-decoder-webm-vp8: 9c59270c3fd7afecdb556c50c9e8de78 -> 
  custom:audio-decoder-ogg-vorbis: bf7c407c2cedff20999df2af8eb42d56 -> 
========================================================================
Received Import Request.
  Time since last request: 4921.707910 seconds.
  path: Packages/com.unity.ext.nunit
  artifactKey: Guid(25a477c2f24db8778a4179421a32cc21) Importer(815301076,1909f56bfc062723c751e8b465ee728b)
Start importing Packages/com.unity.ext.nunit using Guid(25a477c2f24db8778a4179421a32cc21) Importer(815301076,1909f56bfc062723c751e8b465ee728b)  -> (artifact id: 'bef33f36b89a5a284746f1bc5605769f') in 0.010943 seconds 
========================================================================
Received Import Request.
  Time since last request: 0.883145 seconds.
  path: Packages/com.unity.ugui
  artifactKey: Guid(8f7652e09069a1943278893d4264401e) Importer(815301076,1909f56bfc062723c751e8b465ee728b)
Start importing Packages/com.unity.ugui using Guid(8f7652e09069a1943278893d4264401e) Importer(815301076,1909f56bfc062723c751e8b465ee728b)  -> (artifact id: 'b90b7ea2c5e18fe74b2f7cbcc23cfd5d') in 0.006250 seconds 
========================================================================
Received Import Request.
  Time since last request: 0.045265 seconds.
  path: Packages/com.unity.ugui/package.json
  artifactKey: Guid(319b8889f363f5947acf209c17a94149) Importer(815301076,1909f56bfc062723c751e8b465ee728b)
Start importing Packages/com.unity.ugui/package.json using Guid(319b8889f363f5947acf209c17a94149) Importer(815301076,1909f56bfc062723c751e8b465ee728b)  -> (artifact id: '1002360e272cf591a214daa5cb5c75f8') in 0.030555 seconds 
========================================================================
Received Import Request.
  Time since last request: 5.679596 seconds.
  path: Assets
  artifactKey: Guid(00000000000000001000000000000000) Importer(815301076,1909f56bfc062723c751e8b465ee728b)
Start importing Assets using Guid(00000000000000001000000000000000) Importer(815301076,1909f56bfc062723c751e8b465ee728b)  -> (artifact id: '79842766b460edbeab6a34051e857a80') in 0.006580 seconds 
========================================================================
Received Import Request.
  Time since last request: 5.767098 seconds.
  path: Assets/Prefabs
  artifactKey: Guid(1dc5bc938771a8048bccaff39afc91a9) Importer(815301076,1909f56bfc062723c751e8b465ee728b)
Start importing Assets/Prefabs using Guid(1dc5bc938771a8048bccaff39afc91a9) Importer(815301076,1909f56bfc062723c751e8b465ee728b)  -> (artifact id: '2e5c565db63c17da0e6e70ce0726f464') in 0.006670 seconds 
========================================================================
Received Import Request.
  Time since last request: 67.479631 seconds.
  path: Assets/Prefabs/Blackboard
  artifactKey: Guid(057f354ec58c99547918c0716e9ca06d) Importer(815301076,1909f56bfc062723c751e8b465ee728b)
Start importing Assets/Prefabs/Blackboard using Guid(057f354ec58c99547918c0716e9ca06d) Importer(815301076,1909f56bfc062723c751e8b465ee728b)  -> (artifact id: '562b311d439f92a9a00ab0dc7c952dcc') in 0.007165 seconds 
========================================================================
Received Import Request.
  Time since last request: 0.031440 seconds.
  path: Assets/Prefabs/Blackboard/Blackboard.obj
  artifactKey: Guid(587da34bb68866d46aabcdf6a0c12044) Importer(815301076,1909f56bfc062723c751e8b465ee728b)
Start importing Assets/Prefabs/Blackboard/Blackboard.obj using Guid(587da34bb68866d46aabcdf6a0c12044) Importer(815301076,1909f56bfc062723c751e8b465ee728b)  -> (artifact id: '4c47dc740830e275bb83fca1197e2d78') in 0.316686 seconds 
========================================================================
Received Import Request.
  Time since last request: 4.294968 seconds.
  path: Assets/Prefabs/classroom
  artifactKey: Guid(d7f0bacc59e3f0b45b6b4b709a5ebfc9) Importer(815301076,1909f56bfc062723c751e8b465ee728b)
Start importing Assets/Prefabs/classroom using Guid(d7f0bacc59e3f0b45b6b4b709a5ebfc9) Importer(815301076,1909f56bfc062723c751e8b465ee728b)  -> (artifact id: 'c7342a8bd5d5e6021aa3d5189fa5e292') in 0.006245 seconds 
========================================================================
Received Import Request.
  Time since last request: 0.012948 seconds.
  path: Assets/Prefabs/classroom/model.obj
  artifactKey: Guid(a887b49c89609cb45af92e0428ff5788) Importer(815301076,1909f56bfc062723c751e8b465ee728b)
Start importing Assets/Prefabs/classroom/model.obj using Guid(a887b49c89609cb45af92e0428ff5788) Importer(815301076,1909f56bfc062723c751e8b465ee728b)  -> (artifact id: '628938ac35d8f5ee64cc16726b5bc6b7') in 0.396461 seconds 
========================================================================
Received Import Request.
  Time since last request: 161.479756 seconds.
  path: Assets/Prefabs/Teacher
  artifactKey: Guid(65e60983e3bcc0148bef315b9ff3b236) Importer(815301076,1909f56bfc062723c751e8b465ee728b)
Start importing Assets/Prefabs/Teacher using Guid(65e60983e3bcc0148bef315b9ff3b236) Importer(815301076,1909f56bfc062723c751e8b465ee728b)  -> (artifact id: '40f43bb9b38f78c2e375708c8c5040b6') in 0.006698 seconds 
========================================================================
Received Import Request.
  Time since last request: 63.774397 seconds.
  path: Assets/Prefabs/Student
  artifactKey: Guid(0c7934abfccfa6d40bfa2ae62e28f54a) Importer(815301076,1909f56bfc062723c751e8b465ee728b)
Start importing Assets/Prefabs/Student using Guid(0c7934abfccfa6d40bfa2ae62e28f54a) Importer(815301076,1909f56bfc062723c751e8b465ee728b)  -> (artifact id: '44ad1e58994a0bb0a60cf72665ee56f5') in 0.007007 seconds 
========================================================================
Received Import Request.
  Time since last request: 0.025511 seconds.
  path: Assets/Prefabs/Student/model.obj
  artifactKey: Guid(bfb953705e1fa444eb92151ba7692ecd) Importer(815301076,1909f56bfc062723c751e8b465ee728b)
Start importing Assets/Prefabs/Student/model.obj using Guid(bfb953705e1fa444eb92151ba7692ecd) Importer(815301076,1909f56bfc062723c751e8b465ee728b)  -> (artifact id: '08805dcea7dd28751d93e92d2564462b') in 0.082451 seconds 
========================================================================
Received Import Request.
  Time since last request: 73.028187 seconds.
  path: Assets/Prefabs/Teacher/Teacher_01.obj
  artifactKey: Guid(114c514f198eb954a9c28b68c8ad388f) Importer(815301076,1909f56bfc062723c751e8b465ee728b)
Start importing Assets/Prefabs/Teacher/Teacher_01.obj using Guid(114c514f198eb954a9c28b68c8ad388f) Importer(815301076,1909f56bfc062723c751e8b465ee728b)  -> (artifact id: '8f3ee1986218048503d1fb0d12c1c272') in 0.031431 seconds 
========================================================================
Received Import Request.
  Time since last request: 1076.467181 seconds.
  path: Assets/SimpleSky
  artifactKey: Guid(4941fdead0d825548971306892f63c67) Importer(815301076,1909f56bfc062723c751e8b465ee728b)
Start importing Assets/SimpleSky using Guid(4941fdead0d825548971306892f63c67) Importer(815301076,1909f56bfc062723c751e8b465ee728b)  -> (artifact id: '19b1d4812ceafff2676ce4f5a29a84b5') in 0.006762 seconds 
========================================================================
Received Import Request.
  Time since last request: 1.931473 seconds.
  path: Assets/SimpleSky/Prefabs
  artifactKey: Guid(51dfc627474c10c4fb05d2796996ef32) Importer(815301076,1909f56bfc062723c751e8b465ee728b)
Start importing Assets/SimpleSky/Prefabs using Guid(51dfc627474c10c4fb05d2796996ef32) Importer(815301076,1909f56bfc062723c751e8b465ee728b)  -> (artifact id: 'aa1e6453502774b63fc9fe13b3f6cb1f') in 0.007033 seconds 
========================================================================
Received Import Request.
  Time since last request: 0.038647 seconds.
  path: Assets/SimpleSky/Prefabs/Cloud_01.prefab
  artifactKey: Guid(09062dc0008857b46aaacdb7206f1453) Importer(815301076,1909f56bfc062723c751e8b465ee728b)
Start importing Assets/SimpleSky/Prefabs/Cloud_01.prefab using Guid(09062dc0008857b46aaacdb7206f1453) Importer(815301076,1909f56bfc062723c751e8b465ee728b)  -> (artifact id: 'e5e53c6a48d4159180be1e4fbb67d3e1') in 0.038676 seconds 
========================================================================
Received Import Request.
  Time since last request: 0.000019 seconds.
  path: Assets/SimpleSky/Prefabs/Cloud_06.prefab
  artifactKey: Guid(c2391e8a6bdf5424194b61e41952a40a) Importer(815301076,1909f56bfc062723c751e8b465ee728b)
Start importing Assets/SimpleSky/Prefabs/Cloud_06.prefab using Guid(c2391e8a6bdf5424194b61e41952a40a) Importer(815301076,1909f56bfc062723c751e8b465ee728b)  -> (artifact id: 'f5e0c07cb03da320ab97a15db82c3c46') in 0.045698 seconds 
========================================================================
Received Import Request.
  Time since last request: 0.000023 seconds.
  path: Assets/SimpleSky/Prefabs/SkyDome.prefab
  artifactKey: Guid(d0223f77114284b47a0e8b317e71e4dc) Importer(815301076,1909f56bfc062723c751e8b465ee728b)
Start importing Assets/SimpleSky/Prefabs/SkyDome.prefab using Guid(d0223f77114284b47a0e8b317e71e4dc) Importer(815301076,1909f56bfc062723c751e8b465ee728b)  -> (artifact id: 'ba763ab9178d434f61ef7bdc3718988f') in 0.032960 seconds 
========================================================================
Received Import Request.
  Time since last request: 0.000036 seconds.
  path: Assets/SimpleSky/Prefabs/Cloud_03.prefab
  artifactKey: Guid(2df72ec125264584faa40cb1beef0481) Importer(815301076,1909f56bfc062723c751e8b465ee728b)
Start importing Assets/SimpleSky/Prefabs/Cloud_03.prefab using Guid(2df72ec125264584faa40cb1beef0481) Importer(815301076,1909f56bfc062723c751e8b465ee728b)  -> (artifact id: '08728449ec8c939ca7db0e3375d570a0') in 0.034601 seconds 
========================================================================
Received Prepare
Registering precompiled user dll's ...
Registered in 0.003639 seconds.
Begin MonoManager ReloadAssembly
Symbol file LoadedFromMemory doesn't match image C:\Users\utente\Desktop\stuff\Projects\InstructionalSimulation\UnityLessonSim\Library\PackageCache\com.unity.visualscripting@1.8.0\Editor\VisualScripting.Core\Dependencies\YamlDotNet\Unity.VisualScripting.YamlDotNet.dll
Symbol file LoadedFromMemory doesn't match image C:\Users\utente\Desktop\stuff\Projects\InstructionalSimulation\UnityLessonSim\Library\PackageCache\com.unity.visualscripting@1.8.0\Editor\VisualScripting.Core\Dependencies\DotNetZip\Unity.VisualScripting.IonicZip.dll
Native extension for WindowsStandalone target not found
Refreshing native plugins compatible for Editor in 0.63 ms, found 3 plugins.
Preloading 0 native plugins for Editor in 0.00 ms.
Mono: successfully reloaded assembly
- Completed reload, in  1.034 seconds
Domain Reload Profiling:
	ReloadAssembly (1035ms)
		BeginReloadAssembly (115ms)
			ExecutionOrderSort (0ms)
			DisableScriptedObjects (3ms)
			BackupInstance (0ms)
			ReleaseScriptingObjects (0ms)
			CreateAndSetChildDomain (31ms)
		EndReloadAssembly (845ms)
			LoadAssemblies (72ms)
			RebuildTransferFunctionScriptingTraits (0ms)
			SetupTypeCache (236ms)
			ReleaseScriptCaches (1ms)
			RebuildScriptCaches (43ms)
			SetupLoadedEditorAssemblies (461ms)
				LogAssemblyErrors (0ms)
				InitializePlatformSupportModulesInManaged (6ms)
				SetLoadedEditorAssemblies (1ms)
				RefreshPlugins (1ms)
				BeforeProcessingInitializeOnLoad (60ms)
				ProcessInitializeOnLoadAttributes (362ms)
				ProcessInitializeOnLoadMethodAttributes (24ms)
				AfterProcessingInitializeOnLoad (7ms)
				EditorAssembliesLoaded (0ms)
			ExecutionOrderSort2 (0ms)
			AwakeInstancesAfterBackupRestoration (7ms)
Platform modules already initialized, skipping
Refreshing native plugins compatible for Editor in 1.31 ms, found 3 plugins.
Preloading 0 native plugins for Editor in 0.00 ms.
Unloading 3042 Unused Serialized files (Serialized files now loaded: 0)
Unloading 17 unused Assets / (80.2 KB). Loaded Objects now: 3555.
Memory consumption went from 113.2 MB to 113.2 MB.
Total: 2.376100 ms (FindLiveObjects: 0.172700 ms CreateObjectMapping: 0.082100 ms MarkObjects: 2.044500 ms  DeleteObjects: 0.075800 ms)

AssetImportParameters requested are different than current active one (requested -> active):
  custom:video-decoder-ogg-theora: a1e56fd34408186e4bbccfd4996cb3dc -> 
  custom:container-muxer-webm: aa71ff27fc2769a1b78a27578f13a17b -> 
  custom:container-demuxer-webm: 4f35f7cbe854078d1ac9338744f61a02 -> 
  custom:video-encoder-webm-vp8: eb34c28f22e8b96e1ab97ce403110664 -> 
  custom:audio-encoder-webm-vorbis: bf7c407c2cedff20999df2af8eb42d56 -> 
  custom:framework-win-MediaFoundation: 216162199b28c13a410421893ffa2e32 -> 
  custom:container-demuxer-ogg: 62fdf1f143b41e24485cea50d1cbac27 -> 
  custom:video-decoder-webm-vp8: 9c59270c3fd7afecdb556c50c9e8de78 -> 
  custom:audio-decoder-ogg-vorbis: bf7c407c2cedff20999df2af8eb42d56 -> 
========================================================================
Received Prepare
Registering precompiled user dll's ...
Registered in 0.003796 seconds.
Begin MonoManager ReloadAssembly
Symbol file LoadedFromMemory doesn't match image C:\Users\utente\Desktop\stuff\Projects\InstructionalSimulation\UnityLessonSim\Library\PackageCache\com.unity.visualscripting@1.8.0\Editor\VisualScripting.Core\Dependencies\YamlDotNet\Unity.VisualScripting.YamlDotNet.dll
Symbol file LoadedFromMemory doesn't match image C:\Users\utente\Desktop\stuff\Projects\InstructionalSimulation\UnityLessonSim\Library\PackageCache\com.unity.visualscripting@1.8.0\Editor\VisualScripting.Core\Dependencies\DotNetZip\Unity.VisualScripting.IonicZip.dll
Native extension for WindowsStandalone target not found
Refreshing native plugins compatible for Editor in 0.47 ms, found 3 plugins.
Preloading 0 native plugins for Editor in 0.00 ms.
Mono: successfully reloaded assembly
- Completed reload, in  1.114 seconds
Domain Reload Profiling:
	ReloadAssembly (1115ms)
		BeginReloadAssembly (125ms)
			ExecutionOrderSort (0ms)
			DisableScriptedObjects (4ms)
			BackupInstance (0ms)
			ReleaseScriptingObjects (0ms)
			CreateAndSetChildDomain (30ms)
		EndReloadAssembly (886ms)
			LoadAssemblies (85ms)
			RebuildTransferFunctionScriptingTraits (0ms)
			SetupTypeCache (263ms)
			ReleaseScriptCaches (1ms)
			RebuildScriptCaches (38ms)
			SetupLoadedEditorAssemblies (461ms)
				LogAssemblyErrors (0ms)
				InitializePlatformSupportModulesInManaged (5ms)
				SetLoadedEditorAssemblies (0ms)
				RefreshPlugins (1ms)
				BeforeProcessingInitializeOnLoad (59ms)
				ProcessInitializeOnLoadAttributes (371ms)
				ProcessInitializeOnLoadMethodAttributes (17ms)
				AfterProcessingInitializeOnLoad (9ms)
				EditorAssembliesLoaded (0ms)
			ExecutionOrderSort2 (0ms)
			AwakeInstancesAfterBackupRestoration (8ms)
Platform modules already initialized, skipping
Refreshing native plugins compatible for Editor in 1.65 ms, found 3 plugins.
Preloading 0 native plugins for Editor in 0.00 ms.
Unloading 3042 Unused Serialized files (Serialized files now loaded: 0)
Unloading 17 unused Assets / (80.2 KB). Loaded Objects now: 3558.
Memory consumption went from 113.3 MB to 113.2 MB.
Total: 4.059800 ms (FindLiveObjects: 0.247400 ms CreateObjectMapping: 0.125300 ms MarkObjects: 3.373400 ms  DeleteObjects: 0.312500 ms)

AssetImportParameters requested are different than current active one (requested -> active):
  custom:video-decoder-ogg-theora: a1e56fd34408186e4bbccfd4996cb3dc -> 
  custom:container-muxer-webm: aa71ff27fc2769a1b78a27578f13a17b -> 
  custom:container-demuxer-webm: 4f35f7cbe854078d1ac9338744f61a02 -> 
  custom:video-encoder-webm-vp8: eb34c28f22e8b96e1ab97ce403110664 -> 
  custom:audio-encoder-webm-vorbis: bf7c407c2cedff20999df2af8eb42d56 -> 
  custom:framework-win-MediaFoundation: 216162199b28c13a410421893ffa2e32 -> 
  custom:container-demuxer-ogg: 62fdf1f143b41e24485cea50d1cbac27 -> 
  custom:video-decoder-webm-vp8: 9c59270c3fd7afecdb556c50c9e8de78 -> 
  custom:audio-decoder-ogg-vorbis: bf7c407c2cedff20999df2af8eb42d56 -> 
========================================================================
Received Import Request.
  Time since last request: 792.597228 seconds.
  path: Assets/PolygonPrototype/Models/Character_FPSHands_02.fbx
  artifactKey: Guid(dacb33b4a6c2e3e4486be79c593a23e4) Importer(815301076,1909f56bfc062723c751e8b465ee728b)
Start importing Assets/PolygonPrototype/Models/Character_FPSHands_02.fbx using Guid(dacb33b4a6c2e3e4486be79c593a23e4) Importer(815301076,1909f56bfc062723c751e8b465ee728b)  -> (artifact id: 'aff3f9503f941df0c08731f3714f236e') in 0.196551 seconds 
========================================================================
Received Import Request.
  Time since last request: 0.000027 seconds.
  path: Assets/PolygonPrototype/Models/FOV.fbx
  artifactKey: Guid(6c71607f5442ec140a9649456733c939) Importer(815301076,1909f56bfc062723c751e8b465ee728b)
Start importing Assets/PolygonPrototype/Models/FOV.fbx using Guid(6c71607f5442ec140a9649456733c939) Importer(815301076,1909f56bfc062723c751e8b465ee728b)  -> (artifact id: '8c2b63237fcaa836ad235cc6ba2f35c4') in 0.051968 seconds 
========================================================================
Received Import Request.
  Time since last request: 0.000031 seconds.
  path: Assets/PolygonPrototype/Models/SM_Buildings_Block_1x1_01.fbx
  artifactKey: Guid(caed417d0c17a134696ff2ef8b52a764) Importer(815301076,1909f56bfc062723c751e8b465ee728b)
Start importing Assets/PolygonPrototype/Models/SM_Buildings_Block_1x1_01.fbx using Guid(caed417d0c17a134696ff2ef8b52a764) Importer(815301076,1909f56bfc062723c751e8b465ee728b)  -> (artifact id: '8b1307690a32241744c48cc14475ee28') in 0.034375 seconds 
========================================================================
Received Import Request.
  Time since last request: 0.000025 seconds.
  path: Assets/PolygonPrototype/Models/SM_Buildings_Floor_2x2_01P.fbx
  artifactKey: Guid(9f00cae941aaaa142ade9d9171b47d06) Importer(815301076,1909f56bfc062723c751e8b465ee728b)
Start importing Assets/PolygonPrototype/Models/SM_Buildings_Floor_2x2_01P.fbx using Guid(9f00cae941aaaa142ade9d9171b47d06) Importer(815301076,1909f56bfc062723c751e8b465ee728b)  -> (artifact id: '6ca781ace8ff8a45487ed49321d08a31') in 0.021026 seconds 
========================================================================
Received Import Request.
  Time since last request: 0.000022 seconds.
  path: Assets/PolygonPrototype/Models/SM_Buildings_FloorCurved_5x5_01.fbx
  artifactKey: Guid(7fd55a78b1a6269469fdcfe44aa32b03) Importer(815301076,1909f56bfc062723c751e8b465ee728b)
Start importing Assets/PolygonPrototype/Models/SM_Buildings_FloorCurved_5x5_01.fbx using Guid(7fd55a78b1a6269469fdcfe44aa32b03) Importer(815301076,1909f56bfc062723c751e8b465ee728b)  -> (artifact id: '063ee47b1cb7cd5396e16bddb3249685') in 0.069574 seconds 
========================================================================
Received Import Request.
  Time since last request: 0.000031 seconds.
  path: Assets/PolygonPrototype/Models/SM_Buildings_Column_2x3_01.fbx
  artifactKey: Guid(b45e496b386039141af15f243dd3ac22) Importer(815301076,1909f56bfc062723c751e8b465ee728b)
Start importing Assets/PolygonPrototype/Models/SM_Buildings_Column_2x3_01.fbx using Guid(b45e496b386039141af15f243dd3ac22) Importer(815301076,1909f56bfc062723c751e8b465ee728b)  -> (artifact id: '735704cca8e37880a8c910f11f7d0a72') in 0.017115 seconds 
========================================================================
Received Import Request.
  Time since last request: 0.000025 seconds.
  path: Assets/PolygonPrototype/Models/SM_Buildings_Block_1x1_02.fbx
  artifactKey: Guid(d6432d0969107d640bf77b6507ea972d) Importer(815301076,1909f56bfc062723c751e8b465ee728b)
Start importing Assets/PolygonPrototype/Models/SM_Buildings_Block_1x1_02.fbx using Guid(d6432d0969107d640bf77b6507ea972d) Importer(815301076,1909f56bfc062723c751e8b465ee728b)  -> (artifact id: 'f7ce4808c746471e94e8e3d07e68b35e') in 0.016463 seconds 
========================================================================
Received Import Request.
  Time since last request: 0.000025 seconds.
  path: Assets/PolygonPrototype/Models/Characters.fbx
  artifactKey: Guid(b5f71c859f9f9bf41badda8a4650082c) Importer(815301076,1909f56bfc062723c751e8b465ee728b)
Start importing Assets/PolygonPrototype/Models/Characters.fbx using Guid(b5f71c859f9f9bf41badda8a4650082c) Importer(815301076,1909f56bfc062723c751e8b465ee728b)  -> (artifact id: '0f44d6211910e98072846e295b84f77d') in 0.058280 seconds 
========================================================================
Received Import Request.
  Time since last request: 0.000030 seconds.
  path: Assets/PolygonPrototype/Models/SM_Buildings_FloorCurved_2x2_01.fbx
  artifactKey: Guid(bd902f01c4ca3f04188be29e5572ced3) Importer(815301076,1909f56bfc062723c751e8b465ee728b)
Start importing Assets/PolygonPrototype/Models/SM_Buildings_FloorCurved_2x2_01.fbx using Guid(bd902f01c4ca3f04188be29e5572ced3) Importer(815301076,1909f56bfc062723c751e8b465ee728b)  -> (artifact id: 'febd6074e913a21ca75874a168d0e23d') in 0.016703 seconds 
========================================================================
Received Import Request.
  Time since last request: 0.000033 seconds.
  path: Assets/PolygonPrototype/Models/SM_Buildings_Floor_2x2_01.fbx
  artifactKey: Guid(65ebb9950643af640a5070a9367992d1) Importer(815301076,1909f56bfc062723c751e8b465ee728b)
Start importing Assets/PolygonPrototype/Models/SM_Buildings_Floor_2x2_01.fbx using Guid(65ebb9950643af640a5070a9367992d1) Importer(815301076,1909f56bfc062723c751e8b465ee728b)  -> (artifact id: '907fa1ee32bd3661bcee9d2aaa17010a') in 0.016278 seconds 
========================================================================
Received Import Request.
  Time since last request: 0.000025 seconds.
  path: Assets/PolygonPrototype/Models/SM_Buildings_FloorHole_2x2_01.fbx
  artifactKey: Guid(e0e60385ca7898242b4e07f84e90d728) Importer(815301076,1909f56bfc062723c751e8b465ee728b)
Start importing Assets/PolygonPrototype/Models/SM_Buildings_FloorHole_2x2_01.fbx using Guid(e0e60385ca7898242b4e07f84e90d728) Importer(815301076,1909f56bfc062723c751e8b465ee728b)  -> (artifact id: '75751db5b4bcad90fbae80284c8c9371') in 0.015055 seconds 
========================================================================
Received Import Request.
  Time since last request: 0.000024 seconds.
  path: Assets/PolygonPrototype/Models/SM_Buildings_FloorAngle_2x2_01P.fbx
  artifactKey: Guid(f6345c5ffba7efc4eb81aef2671a8761) Importer(815301076,1909f56bfc062723c751e8b465ee728b)
Start importing Assets/PolygonPrototype/Models/SM_Buildings_FloorAngle_2x2_01P.fbx using Guid(f6345c5ffba7efc4eb81aef2671a8761) Importer(815301076,1909f56bfc062723c751e8b465ee728b)  -> (artifact id: '7c6b7375433cf980beadf6150a0cf94b') in 0.012796 seconds 
========================================================================
Received Import Request.
  Time since last request: 0.000022 seconds.
  path: Assets/PolygonPrototype/Models/SM_Buildings_Floor_5x5_01P.fbx
  artifactKey: Guid(dd9a02aea57eba148b3b2a1404bf194f) Importer(815301076,1909f56bfc062723c751e8b465ee728b)
Start importing Assets/PolygonPrototype/Models/SM_Buildings_Floor_5x5_01P.fbx using Guid(dd9a02aea57eba148b3b2a1404bf194f) Importer(815301076,1909f56bfc062723c751e8b465ee728b)  -> (artifact id: 'c1a15bf83fe13504f0bc919af0358897') in 0.014078 seconds 
========================================================================
Received Import Request.
  Time since last request: 0.000024 seconds.
  path: Assets/PolygonPrototype/Models/SM_Buildings_FloorChamfered_1x1_01P.fbx
  artifactKey: Guid(f96652374a332e84084bc98c664ab54d) Importer(815301076,1909f56bfc062723c751e8b465ee728b)
Start importing Assets/PolygonPrototype/Models/SM_Buildings_FloorChamfered_1x1_01P.fbx using Guid(f96652374a332e84084bc98c664ab54d) Importer(815301076,1909f56bfc062723c751e8b465ee728b)  -> (artifact id: '86883887253ce268f7a082a3b44568cf') in 0.023054 seconds 
========================================================================
Received Import Request.
  Time since last request: 0.000079 seconds.
  path: Assets/PolygonPrototype/Models/SM_Buildings_FloorInner_Curved_1x1_01P.fbx
  artifactKey: Guid(de27ac15b544cd6469a3b4d2be085dc5) Importer(815301076,1909f56bfc062723c751e8b465ee728b)
Start importing Assets/PolygonPrototype/Models/SM_Buildings_FloorInner_Curved_1x1_01P.fbx using Guid(de27ac15b544cd6469a3b4d2be085dc5) Importer(815301076,1909f56bfc062723c751e8b465ee728b)  -> (artifact id: 'f1ef0cf6620eec809322f67fdf82f43a') in 0.012695 seconds 
========================================================================
Received Import Request.
  Time since last request: 0.000021 seconds.
  path: Assets/PolygonPrototype/Models/SM_Buildings_Door_01P.fbx
  artifactKey: Guid(8dd0cf6ebf9ba9b4fb214e7bf6bda493) Importer(815301076,1909f56bfc062723c751e8b465ee728b)
Start importing Assets/PolygonPrototype/Models/SM_Buildings_Door_01P.fbx using Guid(8dd0cf6ebf9ba9b4fb214e7bf6bda493) Importer(815301076,1909f56bfc062723c751e8b465ee728b)  -> (artifact id: '0bc099febafcd5df73ee9cf919b0360e') in 0.015780 seconds 
========================================================================
Received Import Request.
  Time since last request: 0.000025 seconds.
  path: Assets/PolygonPrototype/Models/SM_Buildings_FloorHole_2x2_01P.fbx
  artifactKey: Guid(c3d30422c98335a43a6d3b47f58df5c2) Importer(815301076,1909f56bfc062723c751e8b465ee728b)
Start importing Assets/PolygonPrototype/Models/SM_Buildings_FloorHole_2x2_01P.fbx using Guid(c3d30422c98335a43a6d3b47f58df5c2) Importer(815301076,1909f56bfc062723c751e8b465ee728b)  -> (artifact id: '31c3663d02406ccab8460ebba9c2f334') in 0.013600 seconds 
========================================================================
Received Import Request.
  Time since last request: 0.000022 seconds.
  path: Assets/PolygonPrototype/Models/SM_Buildings_Column_1x3_01P.fbx
  artifactKey: Guid(2efeb3cf1e1bb324ea1451eb66da2407) Importer(815301076,1909f56bfc062723c751e8b465ee728b)
Start importing Assets/PolygonPrototype/Models/SM_Buildings_Column_1x3_01P.fbx using Guid(2efeb3cf1e1bb324ea1451eb66da2407) Importer(815301076,1909f56bfc062723c751e8b465ee728b)  -> (artifact id: 'e2f1cd32a3959526752842715dcf3f56') in 0.015469 seconds 
========================================================================
Received Import Request.
  Time since last request: 0.000028 seconds.
  path: Assets/PolygonPrototype/Models/SM_Buildings_FloorHole_1x1_01.fbx
  artifactKey: Guid(d02e53d638e6f3e4abd2b2f206f9e7a5) Importer(815301076,1909f56bfc062723c751e8b465ee728b)
Start importing Assets/PolygonPrototype/Models/SM_Buildings_FloorHole_1x1_01.fbx using Guid(d02e53d638e6f3e4abd2b2f206f9e7a5) Importer(815301076,1909f56bfc062723c751e8b465ee728b)  -> (artifact id: 'f673ab06a8657e58a0777fe974a97da7') in 0.015803 seconds 
========================================================================
Received Import Request.
  Time since last request: 0.000048 seconds.
  path: Assets/PolygonPrototype/Models/SM_Buildings_FloorHole_1x1_01P.fbx
  artifactKey: Guid(1493d176cf288564ea48497dc492a25d) Importer(815301076,1909f56bfc062723c751e8b465ee728b)
Start importing Assets/PolygonPrototype/Models/SM_Buildings_FloorHole_1x1_01P.fbx using Guid(1493d176cf288564ea48497dc492a25d) Importer(815301076,1909f56bfc062723c751e8b465ee728b)  -> (artifact id: '960fcb250d42c290e1b5971a47ecd0cf') in 0.014946 seconds 
========================================================================
Received Import Request.
  Time since last request: 0.000035 seconds.
  path: Assets/PolygonPrototype/Models/SM_Buildings_FloorAngle_5x5_01.fbx
  artifactKey: Guid(f16a5273d4eb0ed49b1700bbd23d4876) Importer(815301076,1909f56bfc062723c751e8b465ee728b)
Start importing Assets/PolygonPrototype/Models/SM_Buildings_FloorAngle_5x5_01.fbx using Guid(f16a5273d4eb0ed49b1700bbd23d4876) Importer(815301076,1909f56bfc062723c751e8b465ee728b)  -> (artifact id: 'a3feb1c5ef2cbb14bba1020da913c106') in 0.016064 seconds 
========================================================================
Received Import Request.
  Time since last request: 0.000028 seconds.
  path: Assets/PolygonPrototype/Models/SM_Buildings_Door_01.fbx
  artifactKey: Guid(c65f1edc3379dbf448438ab0b5e0292a) Importer(815301076,1909f56bfc062723c751e8b465ee728b)
Start importing Assets/PolygonPrototype/Models/SM_Buildings_Door_01.fbx using Guid(c65f1edc3379dbf448438ab0b5e0292a) Importer(815301076,1909f56bfc062723c751e8b465ee728b)  -> (artifact id: '5ae1d1a1f0519d446ea5f970851e84c4') in 0.016091 seconds 
========================================================================
Received Import Request.
  Time since last request: 0.000025 seconds.
  path: Assets/PolygonPrototype/Models/SM_Buildings_FloorCurved_1x1_01P.fbx
  artifactKey: Guid(80362ab97d7d00b4aa3e29813bbde786) Importer(815301076,1909f56bfc062723c751e8b465ee728b)
Start importing Assets/PolygonPrototype/Models/SM_Buildings_FloorCurved_1x1_01P.fbx using Guid(80362ab97d7d00b4aa3e29813bbde786) Importer(815301076,1909f56bfc062723c751e8b465ee728b)  -> (artifact id: 'ace8d8232c7b3af073b636af4f946c7a') in 0.014467 seconds 
========================================================================
Received Import Request.
  Time since last request: 31.057032 seconds.
  path: Assets/PolygonPrototype/Prefabs/Character_Pawns/SM_Pawn_Cover_Male_01.prefab
  artifactKey: Guid(3579c97d9ed0aae45a8ccabc4ebed8af) Importer(815301076,1909f56bfc062723c751e8b465ee728b)
Start importing Assets/PolygonPrototype/Prefabs/Character_Pawns/SM_Pawn_Cover_Male_01.prefab using Guid(3579c97d9ed0aae45a8ccabc4ebed8af) Importer(815301076,1909f56bfc062723c751e8b465ee728b)  -> (artifact id: 'd060629292c5d4e82ebc40d1473a42ac') in 0.027742 seconds 
========================================================================
Received Import Request.
  Time since last request: 0.000028 seconds.
  path: Assets/PolygonPrototype/Prefabs/Character_Pawns/SM_Pawn_Weapon_Male_01.prefab
  artifactKey: Guid(7ab16310faa910d40b16db3d54919077) Importer(815301076,1909f56bfc062723c751e8b465ee728b)
Start importing Assets/PolygonPrototype/Prefabs/Character_Pawns/SM_Pawn_Weapon_Male_01.prefab using Guid(7ab16310faa910d40b16db3d54919077) Importer(815301076,1909f56bfc062723c751e8b465ee728b)  -> (artifact id: '81b1f78c1944fb1e3cd8c1910b446822') in 0.027946 seconds 
========================================================================
Received Import Request.
  Time since last request: 0.000031 seconds.
  path: Assets/PolygonPrototype/Prefabs/Character_Pawns/SM_Pawn_Run_Male_01.prefab
  artifactKey: Guid(b790166e687772541a9e88161f45ee6f) Importer(815301076,1909f56bfc062723c751e8b465ee728b)
Start importing Assets/PolygonPrototype/Prefabs/Character_Pawns/SM_Pawn_Run_Male_01.prefab using Guid(b790166e687772541a9e88161f45ee6f) Importer(815301076,1909f56bfc062723c751e8b465ee728b)  -> (artifact id: 'af8265107376ec086bf44b5d0ee8429b') in 0.034916 seconds 
========================================================================
Received Import Request.
  Time since last request: 0.000020 seconds.
  path: Assets/PolygonPrototype/Prefabs/Character_Pawns/SM_Pawn_Idle_Female_01.prefab
  artifactKey: Guid(38e49ff053f1e7143b935d61f1e5c506) Importer(815301076,1909f56bfc062723c751e8b465ee728b)
Start importing Assets/PolygonPrototype/Prefabs/Character_Pawns/SM_Pawn_Idle_Female_01.prefab using Guid(38e49ff053f1e7143b935d61f1e5c506) Importer(815301076,1909f56bfc062723c751e8b465ee728b)  -> (artifact id: '4d8a0384e3f26129a919c5a3b883de97') in 0.037907 seconds 
========================================================================
Received Import Request.
  Time since last request: 0.000022 seconds.
  path: Assets/PolygonPrototype/Prefabs/Character_Pawns/SM_Pawn_Idle_Male_01.prefab
  artifactKey: Guid(de896aef9da32424e969d39f6d5169e1) Importer(815301076,1909f56bfc062723c751e8b465ee728b)
Start importing Assets/PolygonPrototype/Prefabs/Character_Pawns/SM_Pawn_Idle_Male_01.prefab using Guid(de896aef9da32424e969d39f6d5169e1) Importer(815301076,1909f56bfc062723c751e8b465ee728b)  -> (artifact id: 'e6b52cc490f9b1ccda22f4256e2ef8e9') in 0.055880 seconds 
========================================================================
Received Import Request.
  Time since last request: 0.000036 seconds.
  path: Assets/PolygonPrototype/Prefabs/Character_Pawns/SM_Pawn_LadderClimb_Male_01.prefab
  artifactKey: Guid(1a96158508110cf48918d356a21d7830) Importer(815301076,1909f56bfc062723c751e8b465ee728b)
Start importing Assets/PolygonPrototype/Prefabs/Character_Pawns/SM_Pawn_LadderClimb_Male_01.prefab using Guid(1a96158508110cf48918d356a21d7830) Importer(815301076,1909f56bfc062723c751e8b465ee728b)  -> (artifact id: 'da857d7dcd3f44a35ef0b816792afdcb') in 0.020094 seconds 
========================================================================
Received Import Request.
  Time since last request: 0.000017 seconds.
  path: Assets/PolygonPrototype/Prefabs/Character_Pawns/SM_Pawn_Walk_Male_01.prefab
  artifactKey: Guid(cb1ee49003ad0a2468059be313073541) Importer(815301076,1909f56bfc062723c751e8b465ee728b)
Start importing Assets/PolygonPrototype/Prefabs/Character_Pawns/SM_Pawn_Walk_Male_01.prefab using Guid(cb1ee49003ad0a2468059be313073541) Importer(815301076,1909f56bfc062723c751e8b465ee728b)  -> (artifact id: '39822dccf5ab19c2af8e69ac9da7d6c9') in 0.015392 seconds 
========================================================================
Received Import Request.
  Time since last request: 6.077910 seconds.
  path: Assets/PolygonPrototype/Prefabs/Generic/SM_Generic_Cloud_02.prefab
  artifactKey: Guid(946ab6c23f91a5648a10f6b06cccea74) Importer(815301076,1909f56bfc062723c751e8b465ee728b)
Start importing Assets/PolygonPrototype/Prefabs/Generic/SM_Generic_Cloud_02.prefab using Guid(946ab6c23f91a5648a10f6b06cccea74) Importer(815301076,1909f56bfc062723c751e8b465ee728b)  -> (artifact id: 'b844f9d12cc3c07f24ec5e0f20e418ce') in 0.019748 seconds 
========================================================================
Received Import Request.
  Time since last request: 0.000020 seconds.
  path: Assets/PolygonPrototype/Prefabs/Generic/SM_Generic_TreeStump_01.prefab
  artifactKey: Guid(fa66820763744ef46b5a9cfb5ef88187) Importer(815301076,1909f56bfc062723c751e8b465ee728b)
Start importing Assets/PolygonPrototype/Prefabs/Generic/SM_Generic_TreeStump_01.prefab using Guid(fa66820763744ef46b5a9cfb5ef88187) Importer(815301076,1909f56bfc062723c751e8b465ee728b)  -> (artifact id: '9b183aa1ffe14f96ffac82d73fabfd72') in 0.032146 seconds 
========================================================================
Received Import Request.
  Time since last request: 0.000024 seconds.
  path: Assets/PolygonPrototype/Prefabs/Generic/SM_Generic_Grass_Patch_01.prefab
  artifactKey: Guid(aaa9fac6c56c64d4eaceb647b35c69ed) Importer(815301076,1909f56bfc062723c751e8b465ee728b)
Start importing Assets/PolygonPrototype/Prefabs/Generic/SM_Generic_Grass_Patch_01.prefab using Guid(aaa9fac6c56c64d4eaceb647b35c69ed) Importer(815301076,1909f56bfc062723c751e8b465ee728b)  -> (artifact id: '96e8db95e13fdc20dd0ffe1d1e77f919') in 0.038165 seconds 
========================================================================
Received Import Request.
  Time since last request: 0.000023 seconds.
  path: Assets/PolygonPrototype/Prefabs/Generic/SM_Generic_Small_Rocks_02.prefab
  artifactKey: Guid(23c6666f4e51c18408a67510426d9554) Importer(815301076,1909f56bfc062723c751e8b465ee728b)
Start importing Assets/PolygonPrototype/Prefabs/Generic/SM_Generic_Small_Rocks_02.prefab using Guid(23c6666f4e51c18408a67510426d9554) Importer(815301076,1909f56bfc062723c751e8b465ee728b)  -> (artifact id: 'd17b049f42803cbf7f389e2bb636eedb') in 0.018722 seconds 
========================================================================
Received Import Request.
  Time since last request: 0.000033 seconds.
  path: Assets/PolygonPrototype/Prefabs/Generic/SM_Generic_Mountains_Snow_01.prefab
  artifactKey: Guid(7cba3508c71084d4d877dd172c76a321) Importer(815301076,1909f56bfc062723c751e8b465ee728b)
Start importing Assets/PolygonPrototype/Prefabs/Generic/SM_Generic_Mountains_Snow_01.prefab using Guid(7cba3508c71084d4d877dd172c76a321) Importer(815301076,1909f56bfc062723c751e8b465ee728b)  -> (artifact id: '940ddbc9278bed92d739472ce9231868') in 0.025983 seconds 
========================================================================
Received Import Request.
  Time since last request: 0.000040 seconds.
  path: Assets/PolygonPrototype/Prefabs/Generic/SM_Generic_Tree_02.prefab
  artifactKey: Guid(44b363e80a9e4fd46ba03e4b71173a9e) Importer(815301076,1909f56bfc062723c751e8b465ee728b)
Start importing Assets/PolygonPrototype/Prefabs/Generic/SM_Generic_Tree_02.prefab using Guid(44b363e80a9e4fd46ba03e4b71173a9e) Importer(815301076,1909f56bfc062723c751e8b465ee728b)  -> (artifact id: '8ade3abbed948e1dc6b06b6a5e50c0fb') in 0.016837 seconds 
========================================================================
Received Import Request.
  Time since last request: 0.000030 seconds.
  path: Assets/PolygonPrototype/Prefabs/Generic/SM_Generic_Tree_04.prefab
  artifactKey: Guid(aec9b02eac062314dafd229d901fd52c) Importer(815301076,1909f56bfc062723c751e8b465ee728b)
Start importing Assets/PolygonPrototype/Prefabs/Generic/SM_Generic_Tree_04.prefab using Guid(aec9b02eac062314dafd229d901fd52c) Importer(815301076,1909f56bfc062723c751e8b465ee728b)  -> (artifact id: 'edb11a84b600f463eb1c4e3a2faa4d9d') in 0.019422 seconds 
========================================================================
Received Import Request.
  Time since last request: 0.000023 seconds.
  path: Assets/PolygonPrototype/Prefabs/Generic/SM_Generic_Tree_01.prefab
  artifactKey: Guid(408f59ce148892a4480e8987e8a029b1) Importer(815301076,1909f56bfc062723c751e8b465ee728b)
Start importing Assets/PolygonPrototype/Prefabs/Generic/SM_Generic_Tree_01.prefab using Guid(408f59ce148892a4480e8987e8a029b1) Importer(815301076,1909f56bfc062723c751e8b465ee728b)  -> (artifact id: '6c6127461a3a89d8c59f2bee31559198') in 0.015841 seconds 
========================================================================
Received Import Request.
  Time since last request: 4.436499 seconds.
  path: Assets/PolygonPrototype/Prefabs/Characters/Character_Dummy_Male_01.prefab
  artifactKey: Guid(2f3e27eecb190e44a9af50723c394274) Importer(815301076,1909f56bfc062723c751e8b465ee728b)
Start importing Assets/PolygonPrototype/Prefabs/Characters/Character_Dummy_Male_01.prefab using Guid(2f3e27eecb190e44a9af50723c394274) Importer(815301076,1909f56bfc062723c751e8b465ee728b)  -> (artifact id: '3e955670408febdd0ce5ceadb7b32920') in 0.025029 seconds 
========================================================================
Received Import Request.
  Time since last request: 0.000033 seconds.
  path: Assets/PolygonPrototype/Prefabs/Characters/SM_Chr_Attach_Male_Hair_01.prefab
  artifactKey: Guid(0ef332600b733ae49a805628f57f1f10) Importer(815301076,1909f56bfc062723c751e8b465ee728b)
Start importing Assets/PolygonPrototype/Prefabs/Characters/SM_Chr_Attach_Male_Hair_01.prefab using Guid(0ef332600b733ae49a805628f57f1f10) Importer(815301076,1909f56bfc062723c751e8b465ee728b)  -> (artifact id: '231b95819c0f660e7f06d2aca603d054') in 0.039072 seconds 
========================================================================
Received Import Request.
  Time since last request: 0.000026 seconds.
  path: Assets/PolygonPrototype/Prefabs/Characters/Character_Female_NoFace_01.prefab
  artifactKey: Guid(722ecf17232566e4a81b862e2ca44aa0) Importer(815301076,1909f56bfc062723c751e8b465ee728b)
Start importing Assets/PolygonPrototype/Prefabs/Characters/Character_Female_NoFace_01.prefab using Guid(722ecf17232566e4a81b862e2ca44aa0) Importer(815301076,1909f56bfc062723c751e8b465ee728b)  -> (artifact id: '3611a8c290a9fbaf61693023d0fa81a8') in 0.072283 seconds 
========================================================================
Received Import Request.
  Time since last request: 72.827576 seconds.
  path: Assets/PolygonPrototype/Materials/PolygonPrototype_Global_Grid_01.mat
  artifactKey: Guid(4930c6ffa5b9b9f4098249a43abf8506) Importer(815301076,1909f56bfc062723c751e8b465ee728b)
Start importing Assets/PolygonPrototype/Materials/PolygonPrototype_Global_Grid_01.mat using Guid(4930c6ffa5b9b9f4098249a43abf8506) Importer(815301076,1909f56bfc062723c751e8b465ee728b)  -> (artifact id: '08fa5c0e7e5c9cdf3944b1fec58661f2') in 0.200997 seconds 
========================================================================
Received Import Request.
  Time since last request: 0.000025 seconds.
  path: Assets/PolygonPrototype/Materials/PolygonPrototype_Texture_01.mat
  artifactKey: Guid(41680dad0f0243748b4e228f49a2e3c4) Importer(815301076,1909f56bfc062723c751e8b465ee728b)
Start importing Assets/PolygonPrototype/Materials/PolygonPrototype_Texture_01.mat using Guid(41680dad0f0243748b4e228f49a2e3c4) Importer(815301076,1909f56bfc062723c751e8b465ee728b)  -> (artifact id: '78e2d82a0f04f27d7c8d4af4931c5889') in 0.013009 seconds 
========================================================================
Received Import Request.
  Time since last request: 0.000036 seconds.
  path: Assets/PolygonPrototype/Materials/PolygonPrototype_Wire.mat
  artifactKey: Guid(d3c006a1b9a8b264f8bee7b56f38100a) Importer(815301076,1909f56bfc062723c751e8b465ee728b)
Start importing Assets/PolygonPrototype/Materials/PolygonPrototype_Wire.mat using Guid(d3c006a1b9a8b264f8bee7b56f38100a) Importer(815301076,1909f56bfc062723c751e8b465ee728b)  -> (artifact id: '2a79049ab24a5bf85299951e66f88d82') in 0.011790 seconds 
========================================================================
Received Import Request.
  Time since last request: 0.000020 seconds.
  path: Assets/PolygonPrototype/Materials/PolygonPrototype_Texture_10.mat
  artifactKey: Guid(1e3f4dd6698853844b8cab4c33a09c96) Importer(815301076,1909f56bfc062723c751e8b465ee728b)
Start importing Assets/PolygonPrototype/Materials/PolygonPrototype_Texture_10.mat using Guid(1e3f4dd6698853844b8cab4c33a09c96) Importer(815301076,1909f56bfc062723c751e8b465ee728b)  -> (artifact id: '7737df39cd81ec8d736972e84f90bd5c') in 0.014572 seconds 
========================================================================
Received Import Request.
  Time since last request: 0.000016 seconds.
  path: Assets/PolygonPrototype/Materials/PolygonPrototype_Global_Grid_03.mat
  artifactKey: Guid(6968e89851431104b8f931c37d69356b) Importer(815301076,1909f56bfc062723c751e8b465ee728b)
Start importing Assets/PolygonPrototype/Materials/PolygonPrototype_Global_Grid_03.mat using Guid(6968e89851431104b8f931c37d69356b) Importer(815301076,1909f56bfc062723c751e8b465ee728b)  -> (artifact id: '1fd3a5eb186b3ebeb0bd1a91778716a7') in 0.014060 seconds 
========================================================================
Received Import Request.
  Time since last request: 0.000021 seconds.
  path: Assets/PolygonPrototype/Materials/PolygonPrototype_Texture_09.mat
  artifactKey: Guid(dcc9a0b939c99774089653966acc8d75) Importer(815301076,1909f56bfc062723c751e8b465ee728b)
Start importing Assets/PolygonPrototype/Materials/PolygonPrototype_Texture_09.mat using Guid(dcc9a0b939c99774089653966acc8d75) Importer(815301076,1909f56bfc062723c751e8b465ee728b)  -> (artifact id: 'e666924149f009cc78464c5b37a5995e') in 0.014124 seconds 
========================================================================
Received Import Request.
  Time since last request: 0.000022 seconds.
  path: Assets/PolygonPrototype/Materials/PolygonPrototype_Texture_03.mat
  artifactKey: Guid(673443bdcb7bf2f47be93ce60e68966f) Importer(815301076,1909f56bfc062723c751e8b465ee728b)
Start importing Assets/PolygonPrototype/Materials/PolygonPrototype_Texture_03.mat using Guid(673443bdcb7bf2f47be93ce60e68966f) Importer(815301076,1909f56bfc062723c751e8b465ee728b)  -> (artifact id: 'afccf393ee649c8f8201f6c1528d9e84') in 0.012621 seconds 
========================================================================
Received Import Request.
  Time since last request: 0.000024 seconds.
  path: Assets/PolygonPrototype/Materials/PolygonPrototype_Global_Grid_07.mat
  artifactKey: Guid(6615f1708a4932646adcdc55932feefa) Importer(815301076,1909f56bfc062723c751e8b465ee728b)
Start importing Assets/PolygonPrototype/Materials/PolygonPrototype_Global_Grid_07.mat using Guid(6615f1708a4932646adcdc55932feefa) Importer(815301076,1909f56bfc062723c751e8b465ee728b)  -> (artifact id: '038a2e458d8603ac93ec56435521f4be') in 0.016253 seconds 
========================================================================
Received Import Request.
  Time since last request: 0.000055 seconds.
  path: Assets/PolygonPrototype/Materials/PolygonPrototype_Global_Grid_09.mat
  artifactKey: Guid(8aa7a33ec074d5f429b993c5c857614b) Importer(815301076,1909f56bfc062723c751e8b465ee728b)
Start importing Assets/PolygonPrototype/Materials/PolygonPrototype_Global_Grid_09.mat using Guid(8aa7a33ec074d5f429b993c5c857614b) Importer(815301076,1909f56bfc062723c751e8b465ee728b)  -> (artifact id: 'fcde08788f88eb96098cf68c2da9b99b') in 0.015154 seconds 
========================================================================
Received Import Request.
  Time since last request: 0.000016 seconds.
  path: Assets/PolygonPrototype/Materials/PolygonPrototype_Texture_04.mat
  artifactKey: Guid(7d22fc6b9a431b043a917fb89a80bcfc) Importer(815301076,1909f56bfc062723c751e8b465ee728b)
Start importing Assets/PolygonPrototype/Materials/PolygonPrototype_Texture_04.mat using Guid(7d22fc6b9a431b043a917fb89a80bcfc) Importer(815301076,1909f56bfc062723c751e8b465ee728b)  -> (artifact id: '5f80a22dc1f9adaa5440689ea167e06d') in 0.014103 seconds 
========================================================================
Received Import Request.
  Time since last request: 0.000026 seconds.
  path: Assets/PolygonPrototype/Materials/PolygonPrototype_Global_Grid_06.mat
  artifactKey: Guid(a3cd22eceea5e8548b10cdb5d9b49a25) Importer(815301076,1909f56bfc062723c751e8b465ee728b)
Start importing Assets/PolygonPrototype/Materials/PolygonPrototype_Global_Grid_06.mat using Guid(a3cd22eceea5e8548b10cdb5d9b49a25) Importer(815301076,1909f56bfc062723c751e8b465ee728b)  -> (artifact id: 'fc02a57acf75a7a1a20bae5b5210cb5a') in 0.015290 seconds 
========================================================================
Received Import Request.
  Time since last request: 0.000022 seconds.
  path: Assets/PolygonPrototype/Materials/PolygonPrototype_Global_Grid_02.mat
  artifactKey: Guid(5abb3d18170c7cc4b8ce3577ef8b5ed8) Importer(815301076,1909f56bfc062723c751e8b465ee728b)
Start importing Assets/PolygonPrototype/Materials/PolygonPrototype_Global_Grid_02.mat using Guid(5abb3d18170c7cc4b8ce3577ef8b5ed8) Importer(815301076,1909f56bfc062723c751e8b465ee728b)  -> (artifact id: '69dc47cfd9d7b2b872e5128703a60119') in 0.014197 seconds 
========================================================================
Received Import Request.
  Time since last request: 0.000032 seconds.
  path: Assets/PolygonPrototype/Materials/PolygonPrototype_Texture_07.mat
  artifactKey: Guid(6ba9f4735549d5b44b46a1e2a07ff751) Importer(815301076,1909f56bfc062723c751e8b465ee728b)
Start importing Assets/PolygonPrototype/Materials/PolygonPrototype_Texture_07.mat using Guid(6ba9f4735549d5b44b46a1e2a07ff751) Importer(815301076,1909f56bfc062723c751e8b465ee728b)  -> (artifact id: '06c8bf76f72c119e8ea2a0c41a38bf9f') in 0.013427 seconds 
========================================================================
Received Import Request.
  Time since last request: 1.961310 seconds.
  path: Assets/PolygonPrototype/Materials/Triplanar_ObjectSpace/PolygonPrototype_Object.mat
  artifactKey: Guid(918c2dec12a4fdb4585051b70cfed921) Importer(815301076,1909f56bfc062723c751e8b465ee728b)
Start importing Assets/PolygonPrototype/Materials/Triplanar_ObjectSpace/PolygonPrototype_Object.mat using Guid(918c2dec12a4fdb4585051b70cfed921) Importer(815301076,1909f56bfc062723c751e8b465ee728b)  -> (artifact id: '2f4aec731033d9d6c71a630a45390288') in 0.177500 seconds 
========================================================================
Received Import Request.
  Time since last request: 23.087197 seconds.
  path: Assets/PolygonPrototype/Materials/Misc/PolygonPrototype_Texture_01_Vehicle.mat
  artifactKey: Guid(98bc34ddef060be4ea47e99161e9df8f) Importer(815301076,1909f56bfc062723c751e8b465ee728b)
Start importing Assets/PolygonPrototype/Materials/Misc/PolygonPrototype_Texture_01_Vehicle.mat using Guid(98bc34ddef060be4ea47e99161e9df8f) Importer(815301076,1909f56bfc062723c751e8b465ee728b)  -> (artifact id: 'bbb74f445035a6b0ff0c3addcbabd919') in 0.166115 seconds 
========================================================================
Received Prepare
Registering precompiled user dll's ...
Registered in 0.003840 seconds.
Begin MonoManager ReloadAssembly
Symbol file LoadedFromMemory doesn't match image C:\Users\utente\Desktop\stuff\Projects\InstructionalSimulation\UnityLessonSim\Library\PackageCache\com.unity.visualscripting@1.8.0\Editor\VisualScripting.Core\Dependencies\YamlDotNet\Unity.VisualScripting.YamlDotNet.dll
Symbol file LoadedFromMemory doesn't match image C:\Users\utente\Desktop\stuff\Projects\InstructionalSimulation\UnityLessonSim\Library\PackageCache\com.unity.visualscripting@1.8.0\Editor\VisualScripting.Core\Dependencies\DotNetZip\Unity.VisualScripting.IonicZip.dll
Native extension for WindowsStandalone target not found
Refreshing native plugins compatible for Editor in 0.56 ms, found 3 plugins.
Preloading 0 native plugins for Editor in 0.00 ms.
Mono: successfully reloaded assembly
- Completed reload, in  1.079 seconds
Domain Reload Profiling:
	ReloadAssembly (1080ms)
		BeginReloadAssembly (132ms)
			ExecutionOrderSort (0ms)
			DisableScriptedObjects (4ms)
			BackupInstance (0ms)
			ReleaseScriptingObjects (0ms)
			CreateAndSetChildDomain (33ms)
		EndReloadAssembly (862ms)
			LoadAssemblies (90ms)
			RebuildTransferFunctionScriptingTraits (0ms)
			SetupTypeCache (262ms)
			ReleaseScriptCaches (1ms)
			RebuildScriptCaches (43ms)
			SetupLoadedEditorAssemblies (444ms)
				LogAssemblyErrors (0ms)
				InitializePlatformSupportModulesInManaged (6ms)
				SetLoadedEditorAssemblies (0ms)
				RefreshPlugins (1ms)
				BeforeProcessingInitializeOnLoad (62ms)
				ProcessInitializeOnLoadAttributes (350ms)
				ProcessInitializeOnLoadMethodAttributes (16ms)
				AfterProcessingInitializeOnLoad (8ms)
				EditorAssembliesLoaded (0ms)
			ExecutionOrderSort2 (0ms)
			AwakeInstancesAfterBackupRestoration (7ms)
Platform modules already initialized, skipping
Refreshing native plugins compatible for Editor in 1.82 ms, found 3 plugins.
Preloading 0 native plugins for Editor in 0.00 ms.
Unloading 3046 Unused Serialized files (Serialized files now loaded: 0)
Unloading 19 unused Assets / (0.8 MB). Loaded Objects now: 3566.
Memory consumption went from 128.3 MB to 127.6 MB.
Total: 2.981600 ms (FindLiveObjects: 0.211500 ms CreateObjectMapping: 0.102800 ms MarkObjects: 2.269300 ms  DeleteObjects: 0.397000 ms)

AssetImportParameters requested are different than current active one (requested -> active):
  custom:video-decoder-ogg-theora: a1e56fd34408186e4bbccfd4996cb3dc -> 
  custom:container-muxer-webm: aa71ff27fc2769a1b78a27578f13a17b -> 
  custom:container-demuxer-webm: 4f35f7cbe854078d1ac9338744f61a02 -> 
  custom:video-encoder-webm-vp8: eb34c28f22e8b96e1ab97ce403110664 -> 
  custom:audio-encoder-webm-vorbis: bf7c407c2cedff20999df2af8eb42d56 -> 
  custom:framework-win-MediaFoundation: 216162199b28c13a410421893ffa2e32 -> 
  custom:container-demuxer-ogg: 62fdf1f143b41e24485cea50d1cbac27 -> 
  custom:video-decoder-webm-vp8: 9c59270c3fd7afecdb556c50c9e8de78 -> 
  custom:audio-decoder-ogg-vorbis: bf7c407c2cedff20999df2af8eb42d56 -> 
Editor requested this worker to shutdown with reason: Scaling down because of idle timeout
AssetImportWorker is now disconnected from the server
Process exiting
Exiting without the bug reporter. Application will terminate with return code 0